Log file open, 11/09/17 15:16:26
LogWindows: Failed to load 'aqProf.dll' (GetLastError=126)
LogWindows: File 'aqProf.dll' does not exist
LogWindows: Failed to load 'VtuneApi.dll' (GetLastError=126)
LogWindows: File 'VtuneApi.dll' does not exist
LogWindows: Failed to load 'VtuneApi32e.dll' (GetLastError=126)
LogWindows: File 'VtuneApi32e.dll' does not exist
LogInit: Display: Running engine for game: LZNJ_FPS_v001
LogPlatformFile: Not using cached read wrapper
LogInit: Display: RandInit(-1496593604) SRandInit(-1496593604).
LogInit: Read version file with build ID '3709383'
LogInit: Overriding engine version to CL 3709383, compatible CL 3709383
LogInit: Registered custom module enumerator with build ID '3709383'
LogTaskGraph: Started task graph with 5 named threads and 38 total threads with 3 sets of task threads.
LogStats: Stats thread started at 0.496281
LogD3D11RHI: Aftermath initialized
LogModuleManager: Display: Found up-to-date module file ../../../Engine/Plugins/2D/Paper2D/Binaries/Win64/UE4Editor-Paper2D.dll (API version 3709383).
LogModuleManager: Display: Found up-to-date module file ../../../Engine/Plugins/2D/Paper2D/Binaries/Win64/UE4Editor-Paper2DEditor.dll (API version 3709383).
LogModuleManager: Display: Found up-to-date module file ../../../Engine/Plugins/2D/Paper2D/Binaries/Win64/UE4Editor-PaperSpriteSheetImporter.dll (API version 3709383).
LogModuleManager: Display: Found up-to-date module file ../../../Engine/Plugins/2D/Paper2D/Binaries/Win64/UE4Editor-PaperTiledImporter.dll (API version 3709383).
LogModuleManager: Display: Found up-to-date module file ../../../Engine/Plugins/2D/Paper2D/Binaries/Win64/UE4Editor-SmartSnapping.dll (API version 3709383).
LogModuleManager: Display: Found up-to-date module file ../../../Engine/Plugins/Blendables/LightPropagationVolume/Binaries/Win64/UE4Editor-LightPropagationVolumeRuntime.dll (API version 3709383).
LogModuleManager: Display: Found up-to-date module file ../../../Engine/Plugins/Blendables/LightPropagationVolume/Binaries/Win64/UE4Editor-LightPropagationVolumeEditor.dll (API version 3709383).
LogModuleManager: Display: Found up-to-date module file ../../../Engine/Plugins/Developer/GitSourceControl/Binaries/Win64/UE4Editor-GitSourceControl.dll (API version 3709383).
LogModuleManager: Display: Found up-to-date module file ../../../Engine/Plugins/Developer/PerforceSourceControl/Binaries/Win64/UE4Editor-PerforceSourceControl.dll (API version 3709383).
LogModuleManager: Display: Found up-to-date module file ../../../Engine/Plugins/Developer/SubversionSourceControl/Binaries/Win64/UE4Editor-SubversionSourceControl.dll (API version 3709383).
LogModuleManager: Display: Found up-to-date module file ../../../Engine/Plugins/Developer/UObjectPlugin/Binaries/Win64/UE4Editor-UObjectPlugin.dll (API version 3709383).
LogModuleManager: Display: Found up-to-date module file ../../../Engine/Plugins/Developer/VisualStudioCodeSourceCodeAccess/Binaries/Win64/UE4Editor-VisualStudioCodeSourceCodeAccess.dll (API version 3709383).
LogModuleManager: Display: Found up-to-date module file ../../../Engine/Plugins/Developer/VisualStudioSourceCodeAccess/Binaries/Win64/UE4Editor-VisualStudioSourceCodeAccess.dll (API version 3709383).
LogModuleManager: Display: Found up-to-date module file ../../../Engine/Plugins/Editor/AssetManagerEditor/Binaries/Win64/UE4Editor-AssetManagerEditor.dll (API version 3709383).
LogModuleManager: Display: Found up-to-date module file ../../../Engine/Plugins/Editor/AudioCapture/Binaries/Win64/UE4Editor-AudioCapture.dll (API version 3709383).
LogModuleManager: Display: Found up-to-date module file ../../../Engine/Plugins/Editor/FacialAnimation/Binaries/Win64/UE4Editor-FacialAnimation.dll (API version 3709383).
LogModuleManager: Display: Found up-to-date module file ../../../Engine/Plugins/Editor/FacialAnimation/Binaries/Win64/UE4Editor-FacialAnimationEditor.dll (API version 3709383).
LogModuleManager: Display: Found up-to-date module file ../../../Engine/Plugins/Editor/GameplayTagsEditor/Binaries/Win64/UE4Editor-GameplayTagsEditor.dll (API version 3709383).
LogModuleManager: Display: Found up-to-date module file ../../../Engine/Plugins/Editor/MobileLauncherProfileWizard/Binaries/Win64/UE4Editor-MobileLauncherProfileWizard.dll (API version 3709383).
LogModuleManager: Display: Found up-to-date module file ../../../Engine/Plugins/Editor/PluginBrowser/Binaries/Win64/UE4Editor-PluginBrowser.dll (API version 3709383).
LogModuleManager: Display: Found up-to-date module file ../../../Engine/Plugins/Editor/SpeedTreeImporter/Binaries/Win64/UE4Editor-SpeedTreeImporter.dll (API version 3709383).
LogModuleManager: Display: Found up-to-date module file ../../../Engine/Plugins/Experimental/AlembicImporter/Binaries/Win64/UE4Editor-AlembicImporter.dll (API version 3709383).
LogModuleManager: Display: Found up-to-date module file ../../../Engine/Plugins/Experimental/AlembicImporter/Binaries/Win64/UE4Editor-AlembicLibrary.dll (API version 3709383).
LogModuleManager: Display: Found up-to-date module file ../../../Engine/Plugins/Experimental/CharacterAI/Binaries/Win64/UE4Editor-CharacterAI.dll (API version 3709383).
LogModuleManager: Display: Found up-to-date module file ../../../Engine/Plugins/Experimental/HTML5Networking/Binaries/Win64/UE4Editor-HTML5Networking.dll (API version 3709383).
LogModuleManager: Display: Found up-to-date module file ../../../Engine/Plugins/Media/AndroidMedia/Binaries/Win64/UE4Editor-AndroidMediaEditor.dll (API version 3709383).
LogModuleManager: Display: Found up-to-date module file ../../../Engine/Plugins/Media/AndroidMedia/Binaries/Win64/UE4Editor-AndroidMediaFactory.dll (API version 3709383).
LogModuleManager: Display: Found up-to-date module file ../../../Engine/Plugins/Media/AvfMedia/Binaries/Win64/UE4Editor-AvfMediaEditor.dll (API version 3709383).
LogModuleManager: Display: Found up-to-date module file ../../../Engine/Plugins/Media/AvfMedia/Binaries/Win64/UE4Editor-AvfMediaFactory.dll (API version 3709383).
LogModuleManager: Display: Found up-to-date module file ../../../Engine/Plugins/Media/AvfMedia/Binaries/Win64/UE4Editor-AvfMediaFactory.dll (API version 3709383).
LogModuleManager: Display: Found up-to-date module file ../../../Engine/Plugins/Media/ImgMedia/Binaries/Win64/UE4Editor-ImgMedia.dll (API version 3709383).
LogModuleManager: Display: Found up-to-date module file ../../../Engine/Plugins/Media/ImgMedia/Binaries/Win64/UE4Editor-ImgMediaEditor.dll (API version 3709383).
LogModuleManager: Display: Found up-to-date module file ../../../Engine/Plugins/Media/ImgMedia/Binaries/Win64/UE4Editor-ImgMediaFactory.dll (API version 3709383).
LogModuleManager: Display: Found up-to-date module file ../../../Engine/Plugins/Media/ImgMedia/Binaries/Win64/UE4Editor-ImgMediaFactory.dll (API version 3709383).
LogModuleManager: Display: Found up-to-date module file ../../../Engine/Plugins/Media/ImgMedia/Binaries/Win64/UE4Editor-OpenExrWrapper.dll (API version 3709383).
LogModuleManager: Display: Found up-to-date module file ../../../Engine/Plugins/Media/MediaCompositing/Binaries/Win64/UE4Editor-MediaCompositing.dll (API version 3709383).
LogModuleManager: Display: Found up-to-date module file ../../../Engine/Plugins/Media/MediaCompositing/Binaries/Win64/UE4Editor-MediaCompositingEditor.dll (API version 3709383).
LogModuleManager: Display: Found up-to-date module file ../../../Engine/Plugins/Media/MediaPlayerEditor/Binaries/Win64/UE4Editor-MediaPlayerEditor.dll (API version 3709383).
LogModuleManager: Display: Found up-to-date module file ../../../Engine/Plugins/Media/WmfMedia/Binaries/Win64/UE4Editor-WmfMedia.dll (API version 3709383).
LogModuleManager: Display: Found up-to-date module file ../../../Engine/Plugins/Media/WmfMedia/Binaries/Win64/UE4Editor-WmfMediaEditor.dll (API version 3709383).
LogModuleManager: Display: Found up-to-date module file ../../../Engine/Plugins/Media/WmfMedia/Binaries/Win64/UE4Editor-WmfMediaFactory.dll (API version 3709383).
LogModuleManager: Display: Found up-to-date module file ../../../Engine/Plugins/Media/WmfMedia/Binaries/Win64/UE4Editor-WmfMediaFactory.dll (API version 3709383).
LogModuleManager: Display: Found up-to-date module file ../../../Engine/Plugins/Messaging/TcpMessaging/Binaries/Win64/UE4Editor-TcpMessaging.dll (API version 3709383).
LogModuleManager: Display: Found up-to-date module file ../../../Engine/Plugins/Messaging/UdpMessaging/Binaries/Win64/UE4Editor-UdpMessaging.dll (API version 3709383).
LogModuleManager: Display: Found up-to-date module file ../../../Engine/Plugins/MovieScene/ActorSequence/Binaries/Win64/UE4Editor-ActorSequence.dll (API version 3709383).
LogModuleManager: Display: Found up-to-date module file ../../../Engine/Plugins/MovieScene/LevelSequenceEditor/Binaries/Win64/UE4Editor-LevelSequenceEditor.dll (API version 3709383).
LogModuleManager: Display: Found up-to-date module file ../../../Engine/Plugins/MovieScene/MatineeToLevelSequence/Binaries/Win64/UE4Editor-MatineeToLevelSequence.dll (API version 3709383).
LogModuleManager: Display: Found up-to-date module file ../../../Engine/Plugins/Online/OnlineSubsystem/Binaries/Win64/UE4Editor-OnlineSubsystem.dll (API version 3709383).
LogModuleManager: Display: Found up-to-date module file ../../../Engine/Plugins/Runtime/AndroidPermission/Binaries/Win64/UE4Editor-AndroidPermission.dll (API version 3709383).
LogModuleManager: Display: Found up-to-date module file ../../../Engine/Plugins/Online/OnlineSubsystemNull/Binaries/Win64/UE4Editor-OnlineSubsystemNull.dll (API version 3709383).
LogModuleManager: Display: Found up-to-date module file ../../../Engine/Plugins/Online/OnlineSubsystemUtils/Binaries/Win64/UE4Editor-OnlineSubsystemUtils.dll (API version 3709383).
LogModuleManager: Display: Found up-to-date module file ../../../Engine/Plugins/Online/OnlineSubsystemUtils/Binaries/Win64/UE4Editor-OnlineBlueprintSupport.dll (API version 3709383).
LogModuleManager: Display: Found up-to-date module file ../../../Engine/Plugins/Runtime/AndroidDeviceProfileSelector/Binaries/Win64/UE4Editor-AndroidDeviceProfileSelector.dll (API version 3709383).
LogModuleManager: Display: Found up-to-date module file ../../../Engine/Plugins/Runtime/AppleARKit/Binaries/Win64/UE4Editor-AppleARKit.dll (API version 3709383).
LogModuleManager: Display: Found up-to-date module file ../../../Engine/Plugins/Runtime/ArchVisCharacter/Binaries/Win64/UE4Editor-ArchVisCharacter.dll (API version 3709383).
LogModuleManager: Display: Found up-to-date module file ../../../Engine/Plugins/Runtime/CableComponent/Binaries/Win64/UE4Editor-CableComponent.dll (API version 3709383).
LogModuleManager: Display: Found up-to-date module file ../../../Engine/Plugins/Runtime/CustomMeshComponent/Binaries/Win64/UE4Editor-CustomMeshComponent.dll (API version 3709383).
LogModuleManager: Display: Found up-to-date module file ../../../Engine/Plugins/Runtime/ExampleDeviceProfileSelector/Binaries/Win64/UE4Editor-ExampleDeviceProfileSelector.dll (API version 3709383).
LogModuleManager: Display: Found up-to-date module file ../../../Engine/Plugins/Runtime/ImmediatePhysics/Binaries/Win64/UE4Editor-ImmediatePhysics.dll (API version 3709383).
LogModuleManager: Display: Found up-to-date module file ../../../Engine/Plugins/Runtime/ImmediatePhysics/Binaries/Win64/UE4Editor-ImmediatePhysicsEditor.dll (API version 3709383).
LogModuleManager: Display: Found up-to-date module file ../../../Engine/Plugins/Runtime/LocationServicesBPLibrary/Binaries/Win64/UE4Editor-LocationServicesBPLibrary.dll (API version 3709383).
LogModuleManager: Display: Found up-to-date module file ../../../Engine/Plugins/Runtime/MobilePatchingUtils/Binaries/Win64/UE4Editor-MobilePatchingUtils.dll (API version 3709383).
LogModuleManager: Display: Found up-to-date module file ../../../Engine/Plugins/Runtime/Oculus/OculusVR/Binaries/Win64/UE4Editor-OculusHMD.dll (API version 3709383).
LogModuleManager: Display: Found up-to-date module file ../../../Engine/Plugins/Runtime/Oculus/OculusVR/Binaries/Win64/UE4Editor-OculusInput.dll (API version 3709383).
LogModuleManager: Display: Found up-to-date module file ../../../Engine/Plugins/Runtime/Oculus/OculusVR/Binaries/Win64/UE4Editor-OculusEditor.dll (API version 3709383).
LogModuleManager: Display: Found up-to-date module file ../../../Engine/Plugins/Runtime/PhysXVehicles/Binaries/Win64/UE4Editor-PhysXVehicles.dll (API version 3709383).
LogModuleManager: Display: Found up-to-date module file ../../../Engine/Plugins/Runtime/PhysXVehicles/Binaries/Win64/UE4Editor-PhysXVehiclesEditor.dll (API version 3709383).
LogModuleManager: Display: Found up-to-date module file ../../../Engine/Plugins/Runtime/ProceduralMeshComponent/Binaries/Win64/UE4Editor-ProceduralMeshComponent.dll (API version 3709383).
LogModuleManager: Display: Found up-to-date module file ../../../Engine/Plugins/Runtime/ProceduralMeshComponent/Binaries/Win64/UE4Editor-ProceduralMeshComponentEditor.dll (API version 3709383).
LogModuleManager: Display: Found up-to-date module file ../../../Engine/Plugins/Runtime/RuntimePhysXCooking/Binaries/Win64/UE4Editor-RuntimePhysXCooking.dll (API version 3709383).
LogModuleManager: Display: Found up-to-date module file ../../../Engine/Plugins/Runtime/Steam/SteamVR/Binaries/Win64/UE4Editor-SteamVR.dll (API version 3709383).
LogModuleManager: Display: Found up-to-date module file ../../../Engine/Plugins/Runtime/Steam/SteamVR/Binaries/Win64/UE4Editor-SteamVRController.dll (API version 3709383).
LogModuleManager: Display: Found up-to-date module file ../../../Engine/Plugins/Runtime/WindowsMoviePlayer/Binaries/Win64/UE4Editor-WindowsMoviePlayer.dll (API version 3709383).
LogPluginManager: Mounting plugin Paper2D
LogPluginManager: Mounting plugin LightPropagationVolume
LogPluginManager: Mounting plugin CodeLiteSourceCodeAccess
LogPluginManager: Mounting plugin GitSourceControl
LogPluginManager: Mounting plugin KDevelopSourceCodeAccess
LogPluginManager: Mounting plugin NullSourceCodeAccess
LogPluginManager: Mounting plugin PerforceSourceControl
LogPluginManager: Mounting plugin SubversionSourceControl
LogPluginManager: Mounting plugin UObjectPlugin
LogPluginManager: Mounting plugin VisualStudioCodeSourceCodeAccess
LogPluginManager: Mounting plugin VisualStudioSourceCodeAccess
LogPluginManager: Mounting plugin XCodeSourceCodeAccess
LogPluginManager: Mounting plugin AssetManagerEditor
LogPluginManager: Mounting plugin AudioCapture
LogPluginManager: Mounting plugin FacialAnimation
LogPluginManager: Mounting plugin GameplayTagsEditor
LogPluginManager: Mounting plugin MobileLauncherProfileWizard
LogPluginManager: Mounting plugin PluginBrowser
LogPluginManager: Mounting plugin SpeedTreeImporter
LogPluginManager: Mounting plugin AlembicImporter
LogPluginManager: Mounting plugin CharacterAI
LogPluginManager: Mounting plugin HTML5Networking
LogPluginManager: Mounting plugin AndroidMedia
LogPluginManager: Mounting plugin AvfMedia
LogPluginManager: Mounting plugin ImgMedia
LogPluginManager: Mounting plugin MediaCompositing
LogPluginManager: Mounting plugin MediaPlayerEditor
LogPluginManager: Mounting plugin WmfMedia
LogPluginManager: Mounting plugin TcpMessaging
LogPluginManager: Mounting plugin UdpMessaging
LogPluginManager: Mounting plugin ActorSequence
LogPluginManager: Mounting plugin LevelSequenceEditor
LogPluginManager: Mounting plugin MatineeToLevelSequence
LogPluginManager: Mounting plugin OnlineSubsystemGooglePlay
LogPluginManager: Mounting plugin OnlineSubsystemIOS
LogPluginManager: Mounting plugin OnlineSubsystem
LogPluginManager: Mounting plugin OnlineSubsystemNull
LogPluginManager: Mounting plugin OnlineSubsystemUtils
LogPluginManager: Mounting plugin AndroidDeviceProfileSelector
LogPluginManager: Mounting plugin AndroidMoviePlayer
LogPluginManager: Mounting plugin AndroidPermission
LogPluginManager: Mounting plugin AppleARKit
LogPluginManager: Mounting plugin AppleMoviePlayer
LogPluginManager: Mounting plugin ArchVisCharacter
LogPluginManager: Mounting plugin CableComponent
LogPluginManager: Mounting plugin CustomMeshComponent
LogPluginManager: Mounting plugin ExampleDeviceProfileSelector
LogPluginManager: Mounting plugin GoogleCloudMessaging
LogPluginManager: Mounting plugin ImmediatePhysics
LogPluginManager: Mounting plugin IOSDeviceProfileSelector
LogPluginManager: Mounting plugin LinuxDeviceProfileSelector
LogPluginManager: Mounting plugin LocationServicesBPLibrary
LogPluginManager: Mounting plugin MobilePatchingUtils
LogPluginManager: Mounting plugin OculusVR
LogPluginManager: Plugin shader directory ../../../Engine/Plugins/Runtime/Oculus/OculusVR/Shaders found
LogPluginManager: Mapping shader source directory ../../../Engine/Plugins/Runtime/Oculus/OculusVR/Shaders to virtual directory /Plugin/OculusVR
LogPluginManager: Mounting plugin PhysXVehicles
LogPluginManager: Mounting plugin ProceduralMeshComponent
LogPluginManager: Mounting plugin RuntimePhysXCooking
LogPluginManager: Mounting plugin SteamVR
LogPluginManager: Mounting plugin WindowsMoviePlayer
LogInit: Using libcurl 7.47.1
LogInit:  - built for x86_64-pc-win32
LogInit:  - supports SSL with OpenSSL/1.0.2g
LogInit:  - supports HTTP deflate (compression) using libz 1.2.8
LogInit:  - other features:
LogInit:      CURL_VERSION_SSL
LogInit:      CURL_VERSION_LIBZ
LogInit:      CURL_VERSION_IPV6
LogInit:      CURL_VERSION_ASYNCHDNS
LogInit:      CURL_VERSION_LARGEFILE
LogInit:      CURL_VERSION_IDN
LogInit:  CurlRequestOptions (configurable via config and command line):
LogInit:  - bVerifyPeer = false  - Libcurl will NOT verify peer certificate
LogInit:  - bUseHttpProxy = false  - Libcurl will NOT use HTTP proxy
LogInit:  - bDontReuseConnections = false  - Libcurl will reuse connections
LogInit:  - CertBundlePath = nullptr  - Libcurl will use whatever was configured at build time.
LogInit: Build: ++UE4+Release-4.18-CL-3709383
LogInit: Engine Version: 4.18.0-3709383+++UE4+Release-4.18
LogInit: Compatible Engine Version: 4.18.0-3709383+++UE4+Release-4.18
LogInit: Net CL: 3709383
LogDevObjectVersion: Number of dev versions registered: 16
LogDevObjectVersion:   Dev-Blueprints (B0D832E4-1F89-4F0D-ACCF-7EB736FD4AA2): 10
LogDevObjectVersion:   Dev-Build (E1C64328-A22C-4D53-A36C-8E866417BD8C): 0
LogDevObjectVersion:   Dev-Core (375EC13C-06E4-48FB-B500-84F0262A717E): 2
LogDevObjectVersion:   Dev-Editor (E4B068ED-F494-42E9-A231-DA0B2E46BB41): 20
LogDevObjectVersion:   Dev-Framework (CFFC743F-43B0-4480-9391-14DF171D2073): 30
LogDevObjectVersion:   Dev-Mobile (B02B49B5-BB20-44E9-A304-32B752E40360): 0
LogDevObjectVersion:   Dev-Networking (A4E4105C-59A1-49B5-A7C5-40C4547EDFEE): 0
LogDevObjectVersion:   Dev-Online (39C831C9-5AE6-47DC-9A44-9C173E1C8E7C): 0
LogDevObjectVersion:   Dev-Physics (78F01B33-EBEA-4F98-B9B4-84EACCB95AA2): 0
LogDevObjectVersion:   Dev-Platform (6631380F-2D4D-43E0-8009-CF276956A95A): 0
LogDevObjectVersion:   Dev-Rendering (12F88B9F-8875-4AFC-A67C-D90C383ABD29): 20
LogDevObjectVersion:   Dev-Sequencer (7B5AE74C-D270-4C10-A958-57980B212A5A): 4
LogDevObjectVersion:   Dev-VR (D7296918-1DD6-4BDD-9DE2-64A83CC13884): 0
LogDevObjectVersion:   Dev-LoadTimes (C2A15278-BFE7-4AFE-6C17-90FF531DF755): 1
LogDevObjectVersion:   Private-Geometry (6EACA3D4-40EC-4CC1-B786-8BED09428FC5): 1
LogDevObjectVersion:   Dev-AnimPhys (29E575DD-E0A3-4627-9D10-D276232CDCEA): 12
LogInit: Compiled (64-bit): Oct 20 2017 10:39:19
LogInit: Compiled with Visual C++: 19.00.24215.01
LogInit: Build Configuration: Development
LogInit: Branch Name: ++UE4+Release-4.18
LogInit: Command line:  
LogInit: Base directory: C:/Program Files/Epic Games/UE_4.18/Engine/Binaries/Win64/
LogInit: Installed Engine Build: 1
LogInit: Presizing for max 8388607 objects, including 0 objects not considered by GC, pre-allocating 0 bytes for permanent pool.
LogInit: Object subsystem initialized
[2017.11.09-22.16.28:491][  0]LogInit: Selected Device Profile: [Windows]
[2017.11.09-22.16.28:491][  0]LogInit: Applying CVar settings loaded from the selected device profile: [Windows]
[2017.11.09-22.16.28:527][  0]LogInit: Computer: DESKTOP-MKL36OS
[2017.11.09-22.16.28:527][  0]LogInit: User: cyber
[2017.11.09-22.16.28:527][  0]LogInit: CPU Page size=4096, Cores=12
[2017.11.09-22.16.28:527][  0]LogInit: High frequency timer resolution =2.532956 MHz
[2017.11.09-22.16.28:527][  0]LogMemory: Memory total: Physical=31.9GB (32GB approx)
[2017.11.09-22.16.28:527][  0]LogMemory: Platform Memory Stats for Windows
[2017.11.09-22.16.28:527][  0]LogMemory: Process Physical Memory: 277.35 MB used, 277.35 MB peak
[2017.11.09-22.16.28:527][  0]LogMemory: Process Virtual Memory: 271.93 MB used, 271.93 MB peak
[2017.11.09-22.16.28:527][  0]LogMemory: Physical Memory: 5570.61 MB used,  27141.64 MB free, 32712.25 MB total
[2017.11.09-22.16.28:527][  0]LogMemory: Virtual Memory: 663.38 MB used,  27141.64 MB free, 134217728.00 MB total
[2017.11.09-22.16.28:967][  0]LogInit: Using OS detected language (en-US).
[2017.11.09-22.16.28:967][  0]LogInit: Using OS detected locale (en-US).
[2017.11.09-22.16.29:031][  0]LogTextLocalizationManager: No specific localization for 'en-US' exists, so the 'en' localization will be used.
[2017.11.09-22.16.29:663][  0]LogInit: Setting process to per monitor DPI aware
[2017.11.09-22.16.31:863][  0]LogD3D11RHI: D3D11 adapters:
[2017.11.09-22.16.31:883][  0]LogD3D11RHI:    0. 'NVIDIA Quadro 2000' (Feature Level 11_0)
[2017.11.09-22.16.31:883][  0]LogD3D11RHI:       915/0/16356 MB DedicatedVideo/DedicatedSystem/SharedSystem, Outputs:1, VendorId:0x10de
[2017.11.09-22.16.31:885][  0]LogD3D11RHI:    1. 'Microsoft Basic Render Driver' (Feature Level 11_0)
[2017.11.09-22.16.31:885][  0]LogD3D11RHI:       0/0/16356 MB DedicatedVideo/DedicatedSystem/SharedSystem, Outputs:0, VendorId:0x1414
[2017.11.09-22.16.31:885][  0]LogD3D11RHI: Chosen D3D11 Adapter: 0
[2017.11.09-22.16.31:920][  0]LogD3D11RHI: Creating new Direct3DDevice
[2017.11.09-22.16.31:920][  0]LogD3D11RHI:     GPU DeviceId: 0xdd8 (for the marketing name, search the web for "GPU Device Id")
[2017.11.09-22.16.31:920][  0]LogWindows: EnumDisplayDevices:
[2017.11.09-22.16.31:921][  0]LogWindows:    0. 'NVIDIA Quadro 2000' (P:1 D:1)
[2017.11.09-22.16.31:921][  0]LogWindows:    1. 'NVIDIA Quadro 2000' (P:0 D:0)
[2017.11.09-22.16.31:921][  0]LogWindows: DebugString: FoundDriverCount:2 
[2017.11.09-22.16.31:921][  0]LogD3D11RHI:     Adapter Name: NVIDIA Quadro 2000
[2017.11.09-22.16.31:921][  0]LogD3D11RHI:   Driver Version: 353.62 (internal:10.18.13.5362, unified:353.62)
[2017.11.09-22.16.31:921][  0]LogD3D11RHI:      Driver Date: 7-22-2015
[2017.11.09-22.16.31:921][  0]LogRHI: Texture pool is 640 MB (70% of 915 MB)
[2017.11.09-22.16.31:994][  0]LogD3D11RHI: Display: Timestamp queries are currently disabled on this hardware due to instability. Realtime GPU stats will not be available. You can override this behaviour by setting r.NVIDIATimestampWorkaround to 0
[2017.11.09-22.16.31:994][  0]LogD3D11RHI: NvAPI_D3D_GetCurrentSLIState failed: 0xfffffff7
[2017.11.09-22.16.31:994][  0]LogD3D11RHI: Async texture creation enabled
[2017.11.09-22.16.32:015][  0]LogD3D11RHI: GPU Timing Frequency: 1000.000000 (Debug: 2 2)
[2017.11.09-22.16.32:016][  0]LogShaderCompilers: Guid format shader working directory is -39 characters bigger than the processId version (../../../../../../Users/cyber/Documents/Unreal Projects/LZNJ_FPS_v001/LZNJ_FPS_v001/Intermediate/Shaders/WorkingDirectory/111864/).
[2017.11.09-22.16.32:016][  0]LogShaderCompilers: Cleaned the shader compiler working directory 'C:/Users/cyber/AppData/Local/Temp/UnrealShaderWorkingDir/67FC6F0B4180A7E91238E889E26F762B/'.
[2017.11.09-22.16.32:016][  0]LogShaderCompilers: Display: Using Local Shader Compiler.
[2017.11.09-22.16.34:602][  0]LogTemp: Display: Loaded TP AllDesktopTargetPlatform
[2017.11.09-22.16.34:694][  0]LogTemp: Display: Loaded TP MacClientTargetPlatform
[2017.11.09-22.16.34:786][  0]LogTemp: Display: Loaded TP MacNoEditorTargetPlatform
[2017.11.09-22.16.34:878][  0]LogTemp: Display: Loaded TP MacServerTargetPlatform
[2017.11.09-22.16.34:975][  0]LogTemp: Display: Loaded TP MacTargetPlatform
[2017.11.09-22.16.35:069][  0]LogTemp: Display: Loaded TP WindowsClientTargetPlatform
[2017.11.09-22.16.35:161][  0]LogTemp: Display: Loaded TP WindowsNoEditorTargetPlatform
[2017.11.09-22.16.35:253][  0]LogTemp: Display: Loaded TP WindowsServerTargetPlatform
[2017.11.09-22.16.35:335][  0]LogTemp: Display: Loaded TP WindowsTargetPlatform
[2017.11.09-22.16.35:425][  0]LogTemp: Display: Loaded TP Android_ASTCTargetPlatform
[2017.11.09-22.16.35:515][  0]LogTemp: Display: Loaded TP Android_ATCTargetPlatform
[2017.11.09-22.16.35:605][  0]LogTemp: Display: Loaded TP Android_DXTTargetPlatform
[2017.11.09-22.16.35:696][  0]LogTemp: Display: Loaded TP Android_ETC1TargetPlatform
[2017.11.09-22.16.35:791][  0]LogTemp: Display: Loaded TP Android_ETC2TargetPlatform
[2017.11.09-22.16.35:972][  0]LogTemp: Display: Loaded TP Android_MultiTargetPlatform
[2017.11.09-22.16.35:972][  0]LogTemp: Display: Loaded TP Android_PVRTCTargetPlatform
[2017.11.09-22.16.36:068][  0]LogTemp: Display: Loaded TP AndroidTargetPlatform
[2017.11.09-22.16.36:142][  0]LogTemp: Display: Loaded TP HTML5TargetPlatform
[2017.11.09-22.16.36:297][  0]LogTemp: Display: Loaded TP IOSTargetPlatform
[2017.11.09-22.16.36:347][  0]LogTemp: Display: Loaded TP TVOSTargetPlatform
[2017.11.09-22.16.36:437][  0]LogTemp: Display: Loaded TP LinuxClientTargetPlatform
[2017.11.09-22.16.36:526][  0]LogTemp: Display: Loaded TP LinuxNoEditorTargetPlatform
[2017.11.09-22.16.36:617][  0]LogTemp: Display: Loaded TP LinuxServerTargetPlatform
[2017.11.09-22.16.36:712][  0]LogTemp: Display: Loaded TP LinuxTargetPlatform
[2017.11.09-22.16.36:712][  0]LogTargetPlatformManager: Display: Building Assets For Windows
[2017.11.09-22.16.37:625][  0]LogDerivedDataCache: Display: Max Cache Size: 512 MB
[2017.11.09-22.16.37:754][  0]LogDerivedDataCache: Loaded boot cache 0.13s 78MB C:/Users/cyber/AppData/Local/UnrealEngine/4.18/DerivedDataCache/Boot.ddc.
[2017.11.09-22.16.37:755][  0]LogDerivedDataCache: Display: Loaded Boot cache: C:/Users/cyber/AppData/Local/UnrealEngine/4.18/DerivedDataCache/Boot.ddc
[2017.11.09-22.16.37:755][  0]LogDerivedDataCache: FDerivedDataBackendGraph:  Pak pak cache file ../../../../../../Users/cyber/Documents/Unreal Projects/LZNJ_FPS_v001/LZNJ_FPS_v001/DerivedDataCache/DDC.ddp not found, will not use a pak cache.
[2017.11.09-22.16.37:755][  0]LogDerivedDataCache: Unable to find inner node Pak for hierarchical cache Hierarchy.
[2017.11.09-22.16.37:755][  0]LogDerivedDataCache: FDerivedDataBackendGraph:  CompressedPak pak cache file ../../../../../../Users/cyber/Documents/Unreal Projects/LZNJ_FPS_v001/LZNJ_FPS_v001/DerivedDataCache/Compressed.ddp not found, will not use a pak cache.
[2017.11.09-22.16.37:755][  0]LogDerivedDataCache: Unable to find inner node CompressedPak for hierarchical cache Hierarchy.
[2017.11.09-22.16.37:788][  0]LogDerivedDataCache: Display: Pak cache opened for reading ../../../Engine/DerivedDataCache/Compressed.ddp.
[2017.11.09-22.16.37:800][  0]LogDerivedDataCache: Using Local data cache path C:/Users/cyber/AppData/Local/UnrealEngine/Common/DerivedDataCache: Writable
[2017.11.09-22.16.37:818][  0]LogMaterial: Verifying Global Shaders for PCD3D_SM5
[2017.11.09-22.16.37:818][  0]LogSlate: Using Freetype 2.6.0
[2017.11.09-22.16.37:836][  0]LogSlate: SlateFontCache - WITH_FREETYPE: 1, WITH_HARFBUZZ: 1
[2017.11.09-22.16.37:836][  0]LogSlate: SlateFontCache - WITH_FREETYPE: 1, WITH_HARFBUZZ: 1
[2017.11.09-22.16.38:629][  0]LogInit: Selected Device Profile: [Windows]
[2017.11.09-22.16.39:333][  0]LogSimplygon: Simplygon DLL not present - disabling.
[2017.11.09-22.16.39:407][  0]LogMeshReduction: Using SimplygonSwarm for distributed automatic mesh merging
[2017.11.09-22.16.39:407][  0]LogMeshReduction: Using QuadricMeshReduction for automatic static mesh reduction
[2017.11.09-22.16.39:408][  0]LogMeshReduction: No automatic skeletal mesh reduction module available
[2017.11.09-22.16.39:408][  0]LogMeshReduction: No automatic mesh merging module available
[2017.11.09-22.16.39:408][  0]LogMeshMerging: No automatic mesh merging module available
[2017.11.09-22.16.39:471][  0]LogNetVersion: LZNJ_FPS_v001 , NetCL: 3709383, EngineNetVer: 2, GameNetVer: 0 (Checksum: 334342680)
[2017.11.09-22.16.39:926][  0]LogAssetRegistry: FAssetRegistry took 0.0292 seconds to start up
[2017.11.09-22.16.41:170][  0]LogPackageLocalizationCache: Processed 7 localized package path(s) for 2 prioritized culture(s) in 0.096754 seconds
[2017.11.09-22.16.41:178][  0]LogUObjectArray: 35900 objects as part of root set at end of initial load.
[2017.11.09-22.16.41:178][  0]LogUObjectAllocator: 7372016 out of 0 bytes used by permanent object pool.
[2017.11.09-22.16.41:178][  0]LogUObjectArray: CloseDisregardForGC: 0/0 objects in disregard for GC pool
[2017.11.09-22.16.41:278][  0]LogInit: WinSock: version 1.1 (2.2), MaxSocks=32767, MaxUdp=65467
[2017.11.09-22.16.47:608][  0]LogTcpMessaging: Initializing TcpMessaging bridge
[2017.11.09-22.16.47:677][  0]LogUdpMessaging: Initializing bridge on interface 0.0.0.0:0 to multicast group 230.0.0.1:6666.
[2017.11.09-22.16.48:921][  0]LogMaterial: Uniform references updated for custom material expression Custom.
[2017.11.09-22.16.49:760][  0]SourceControl: Source control is disabled
[2017.11.09-22.16.49:760][  0]SourceControl: Source control is disabled
[2017.11.09-22.16.49:853][  0]SourceControl: Source control is disabled
[2017.11.09-22.16.49:945][  0]SourceControl: Source control is disabled
[2017.11.09-22.16.51:408][  0]LogAndroidPermission: UAndroidPermissionCallbackProxy::GetInstance
[2017.11.09-22.16.51:873][  0]LogOcInput: OculusInput pre-init called
[2017.11.09-22.16.52:388][  0]LogEngine: Initializing Engine...
[2017.11.09-22.16.52:391][  0]LogHMD: Failed to initialize OpenVR with code 110
[2017.11.09-22.16.52:885][  0]LogStats: UGameplayTagsManager::ConstructGameplayTagTree: Construct from data asset -  0.000 s
[2017.11.09-22.16.52:886][  0]LogStats: UGameplayTagsManager::ConstructGameplayTagTree: GameplayTagTreeChangedEvent.Broadcast -  0.000 s
[2017.11.09-22.16.53:113][  0]LogAIModule: Creating AISystem for world Untitled
[2017.11.09-22.16.53:125][  0]LogInit: XAudio2 using 'Speakers (SB Recon3D PCIe)' : 6 channels at 48 kHz using 32 bits per sample (channel mask 0x3f)
[2017.11.09-22.16.53:176][  0]LogInit: FAudioDevice initialized.
[2017.11.09-22.16.53:283][  0]LogDerivedDataCache: Saved boot cache 0.11s 78MB C:/Users/cyber/AppData/Local/UnrealEngine/4.18/DerivedDataCache/Boot.ddc.
[2017.11.09-22.16.53:303][  0]LogInit: Texture streaming: Enabled
[2017.11.09-22.16.53:488][  0]LogEngineSessionManager: EngineSessionManager initialized
[2017.11.09-22.16.53:763][  0]LogInit: Transaction tracking system initialized
[2017.11.09-22.16.54:324][  0]BlueprintLog: New page: Editor Load
[2017.11.09-22.16.55:934][  0]LocalizationService: Localization service is disabled
[2017.11.09-22.16.57:611][  0]LogConsoleResponse: Display: 
[2017.11.09-22.16.58:247][  0]LogCook: Display: Max memory allowance for cook 16384mb min free memory 0mb
[2017.11.09-22.16.58:248][  0]LogCook: Display: Mobile HDR setting 1
[2017.11.09-22.16.58:248][  0]LogGameplayTags: Display: UGameplayTagsManager::DoneAddingNativeTags. DelegateIsBound: 0
[2017.11.09-22.16.59:210][  0]LogFileCache: Scanning file cache for directory 'C:/Users/cyber/Documents/Unreal Projects/LZNJ_FPS_v001/LZNJ_FPS_v001/Content/' took 0.02s
[2017.11.09-22.17.00:457][  0]SourceControl: Source control is disabled
[2017.11.09-22.17.00:457][  0]Cmd: MAP LOAD FILE="../../../../../../Users/cyber/Documents/Unreal Projects/LZNJ_FPS_v001/LZNJ_FPS_v001/Content/ThirdPersonBP/Maps/ThirdPersonExampleMap.umap" TEMPLATE=0 SHOWPROGRESS=1 FEATURELEVEL=3
[2017.11.09-22.17.00:458][  0]LightingResults: New page: Lighting Build
[2017.11.09-22.17.00:534][  0]MapCheck: New page: Map Check
[2017.11.09-22.17.00:534][  0]LightingResults: New page: Lighting Build
[2017.11.09-22.17.01:692][  0]LogAIModule: Creating AISystem for world ThirdPersonExampleMap
[2017.11.09-22.17.01:711][  0]LogEditorServer: Finished looking for orphan Actors (0.000 secs)
[2017.11.09-22.17.01:749][  0]Cmd: MAP CHECKDEP NOCLEARLOG
[2017.11.09-22.17.01:843][  0]MapCheck: Map check complete: 0 Error(s), 0 Warning(s), took 93.576ms to complete.
[2017.11.09-22.17.01:843][  0]LogFileHelpers: Loading map 'ThirdPersonExampleMap' took 1.386
[2017.11.09-22.17.02:058][  0]LogCollectionManager: Loaded 0 collections in 0.002220 seconds
[2017.11.09-22.17.02:173][  0]LogFileCache: Scanning file cache for directory 'C:/Users/cyber/Documents/Unreal Projects/LZNJ_FPS_v001/LZNJ_FPS_v001/Saved/Collections/' took 0.01s
[2017.11.09-22.17.02:173][  0]LogFileCache: Scanning file cache for directory 'C:/Users/cyber/Documents/Unreal Projects/LZNJ_FPS_v001/LZNJ_FPS_v001/Content/Developers/cyber/Collections/' took 0.01s
[2017.11.09-22.17.02:173][  0]LogFileCache: Scanning file cache for directory 'C:/Users/cyber/Documents/Unreal Projects/LZNJ_FPS_v001/LZNJ_FPS_v001/Content/Collections/' took 0.01s
[2017.11.09-22.17.02:173][  0]LogCollectionManager: Rebuilt the GUID cache for 0 collections in 0.000000 seconds
[2017.11.09-22.17.02:188][  0]LogContentBrowser: Native class hierarchy populated in 0.0138 seconds. Added 2363 classes and 519 folders.
[2017.11.09-22.17.02:306][  0]LogContentBrowser: Native class hierarchy updated for 'WidgetCarousel' in 0.0003 seconds. Added 0 classes and 0 folders.
[2017.11.09-22.17.02:675][  0]LogContentBrowser: Native class hierarchy updated for 'AddContentDialog' in 0.0003 seconds. Added 0 classes and 0 folders.
[2017.11.09-22.17.02:756][  0]LogContentBrowser: Native class hierarchy updated for 'SceneOutliner' in 0.0004 seconds. Added 1 classes and 2 folders.
[2017.11.09-22.17.02:798][  0]LogSlate: Took 0.005124 seconds to synchronously load lazily loaded font '../../../Engine/Content/Slate/Fonts/Roboto-Regular.ttf' (155K)
[2017.11.09-22.17.02:805][  0]LogSlate: Took 0.004345 seconds to synchronously load lazily loaded font '../../../Engine/Content/Slate/Fonts/Roboto-Bold.ttf' (160K)
[2017.11.09-22.17.02:817][  0]LogSlate: Took 0.005195 seconds to synchronously load lazily loaded font '../../../Engine/Content/Editor/Slate/Fonts/FontAwesome.ttf' (139K)
[2017.11.09-22.17.03:041][  0]LogRenderer: Reallocating scene render targets to support 1252x664 Format 9 NumSamples 1 (Frame:1).
[2017.11.09-22.17.03:317][  0]LogContentBrowser: Native class hierarchy updated for 'HierarchicalLODOutliner' in 0.0004 seconds. Added 1 classes and 2 folders.
[2017.11.09-22.17.03:317][  0]LogLoad: (Engine Initialization) Total time: 39.75 seconds
[2017.11.09-22.17.03:317][  0]LogLoad: (Engine Initialization) Total Blueprint compile time: 0.00 seconds
[2017.11.09-22.17.03:317][  0]LogExternalProfiler: No external profilers were discovered.  External profiling features will not be available.
[2017.11.09-22.17.03:678][  0]LogContentStreaming: Texture pool size now 400 MB
[2017.11.09-22.17.03:769][  0]LogSlate: Took 0.005042 seconds to synchronously load lazily loaded font '../../../Engine/Content/Slate/Fonts/Roboto-Light.ttf' (159K)
[2017.11.09-22.17.04:344][  2]LogAssetRegistry: Asset discovery search completed in 24.4404 seconds
[2017.11.09-22.17.04:347][  2]LogCollectionManager: Rebuilt the object cache for 0 collections in 0.000001 seconds (found 0 objects)
[2017.11.09-22.17.04:347][  2]LogCollectionManager: Fixed up redirectors for 0 collections in 0.000068 seconds (updated 0 objects)
[2017.11.09-22.25.39:026][575]Cmd: SELECT NONE
[2017.11.09-22.26.06:980][338]LogSlate: Took 0.000268 seconds to synchronously load lazily loaded font '../../../Engine/Content/Slate/Fonts/Roboto-Light.ttf' (159K)
[2017.11.09-22.26.20:552][934]LogSlate: Took 0.000280 seconds to synchronously load lazily loaded font '../../../Engine/Content/Slate/Fonts/Roboto-Light.ttf' (159K)
[2017.11.09-22.26.20:720][934]LogContentBrowser: Native class hierarchy updated for 'SkeletonEditor' in 0.0004 seconds. Added 1 classes and 2 folders.
[2017.11.09-22.26.21:087][934]LogSlate: Took 0.000249 seconds to synchronously load lazily loaded font '../../../Engine/Content/Slate/Fonts/Roboto-Regular.ttf' (155K)
[2017.11.09-22.26.21:096][934]LogActorComponent: RegisterComponentWithWorld: (/Engine/Transient.World_4:PersistentLevel.Actor_0.DebugSkelMeshComponent_0) Already registered. Aborting.
[2017.11.09-22.26.21:141][934]LogSkeletalMesh: USkeletalMeshComponent::InitArticulated : Bodies already created (/Engine/Transient.World_4:PersistentLevel.Actor_0.DebugSkelMeshComponent_0) - call TermArticulated first.
[2017.11.09-22.26.21:739][934]LogContentBrowser: Native class hierarchy updated for 'ClothingSystemEditorInterface' in 0.0004 seconds. Added 1 classes and 0 folders.
[2017.11.09-22.26.21:767][934]LogContentBrowser: Verbose: The majority of assets in the view are of type: AnimSequence
[2017.11.09-22.26.23:938][ 32]LogRenderer: Reallocating scene render targets to support 1312x664 Format 9 NumSamples 1 (Frame:100).
[2017.11.09-22.29.41:222][837]LogSavePackage: Save=20.91ms
[2017.11.09-22.29.41:222][837]LogSavePackage: Moving '../../../../../../Users/cyber/Documents/Unreal Projects/LZNJ_FPS_v001/LZNJ_FPS_v001/Saved/Crouch_BS7934496B4071F254A3DBEA89D93F9219.tmp' to '../../../../../../Users/cyber/Documents/Unreal Projects/LZNJ_FPS_v001/LZNJ_FPS_v001/Content/ThirdPersonBP/Blueprints/Crouch_BS.uasset'
[2017.11.09-22.29.41:229][837]LogSavePackage: Display: Finished SavePackage ../../../../../../Users/cyber/Documents/Unreal Projects/LZNJ_FPS_v001/LZNJ_FPS_v001/Content/ThirdPersonBP/Blueprints/Crouch_BS.uasset
[2017.11.09-22.29.50:640][248]LogSavePackage: Save=193.89ms
[2017.11.09-22.29.50:640][248]LogSavePackage: Moving '../../../../../../Users/cyber/Documents/Unreal Projects/LZNJ_FPS_v001/LZNJ_FPS_v001/Saved/ThirdPersonExampleMap903FE27C48C7A34147CC8AA4FD400F8A.tmp' to '../../../../../../Users/cyber/Documents/Unreal Projects/LZNJ_FPS_v001/LZNJ_FPS_v001/Content/ThirdPersonBP/Maps/ThirdPersonExampleMap.umap'
[2017.11.09-22.29.50:645][248]LogSavePackage: Display: Finished SavePackage ../../../../../../Users/cyber/Documents/Unreal Projects/LZNJ_FPS_v001/LZNJ_FPS_v001/Content/ThirdPersonBP/Maps/ThirdPersonExampleMap.umap
[2017.11.09-22.29.50:865][248]LogSavePackage: Save=154.91ms
[2017.11.09-22.29.50:865][248]LogSavePackage: Moving '../../../../../../Users/cyber/Documents/Unreal Projects/LZNJ_FPS_v001/LZNJ_FPS_v001/Saved/ThirdPersonExampleMap_BuiltDataBDE8F3C943F4D5CD4BB638B0749AEC4C.tmp' to '../../../../../../Users/cyber/Documents/Unreal Projects/LZNJ_FPS_v001/LZNJ_FPS_v001/Content/ThirdPersonBP/Maps/ThirdPersonExampleMap_BuiltData.uasset'
[2017.11.09-22.29.50:867][248]LogSavePackage: Display: Finished SavePackage ../../../../../../Users/cyber/Documents/Unreal Projects/LZNJ_FPS_v001/LZNJ_FPS_v001/Content/ThirdPersonBP/Maps/ThirdPersonExampleMap_BuiltData.uasset
[2017.11.09-22.30.05:589][ 81]LogActorComponent: RegisterComponentWithWorld: (/Engine/Transient.World_11:PersistentLevel.Actor_1.DebugSkelMeshComponent_2) Already registered. Aborting.
[2017.11.09-22.30.06:129][ 81]LogContentBrowser: Native class hierarchy updated for 'BlueprintGraph' in 0.0010 seconds. Added 116 classes and 0 folders.
[2017.11.09-22.30.07:266][ 81]LogSkeletalMesh: USkeletalMeshComponent::InitArticulated : Bodies already created (/Engine/Transient.World_11:PersistentLevel.Actor_1.DebugSkelMeshComponent_2) - call TermArticulated first.
[2017.11.09-22.30.07:661][ 81]LogSlate: Took 0.005443 seconds to synchronously load lazily loaded font '../../../Engine/Content/Editor/Slate/Fonts/Roboto-BoldCondensed.ttf' (158K)
[2017.11.09-22.30.21:972][760]LogSlate: Took 0.005438 seconds to synchronously load lazily loaded font '../../../Engine/Content/Editor/Slate/Fonts/Roboto-Italic.ttf' (157K)
[2017.11.09-22.30.56:997][317]LogContentBrowser: Verbose: The majority of assets in the view are of type: AnimSequence
[2017.11.09-22.31.17:499][255]BlueprintLog: New page: Compile Swat_AnimBP
[2017.11.09-22.31.17:531][255]LogBlueprint: Warning: [Compiler Swat_AnimBP] Idle to Crouching  will never be taken, please connect something to  Can Enter Transition
[2017.11.09-22.31.17:531][255]LogBlueprint: Warning: [Compiler Swat_AnimBP] Walk_Run to Crouching  will never be taken, please connect something to  Can Enter Transition
[2017.11.09-22.31.17:531][255]LogBlueprint: Warning: [Compiler Swat_AnimBP] Crouching to Walk_Run  will never be taken, please connect something to  Can Enter Transition
[2017.11.09-22.31.17:531][255]LogBlueprint: Warning: [Compiler Swat_AnimBP] Crouching to Idle  will never be taken, please connect something to  Can Enter Transition
[2017.11.09-22.31.17:737][255]LogBlueprint: Warning: [Compiler Swat_AnimBP] [0894.17] Compile of Swat_AnimBP successful, but with 4 Warning(s) [in 237 ms] (/Game/ThirdPersonBP/Blueprints/Character/Swat_AnimBP.Swat_AnimBP)
[2017.11.09-22.32.10:671][785]LogSlate: Only BGRA pngs, bmps or icos are supported in by External Image Picker
[2017.11.09-22.32.10:740][786]LogTemp: Executing iPhonePackager certificates Engine -bundlename com.YourCompany.LZNJFPSv001
[2017.11.09-22.32.10:740][786]LogTemp: CWD: C:\Program Files\Epic Games\UE_4.18\Engine\Binaries\DotNET\IOS
[2017.11.09-22.32.10:740][786]LogTemp: Initial Dir: C:\Program Files\Epic Games\UE_4.18
[2017.11.09-22.32.10:740][786]LogTemp: Env CWD: C:\Program Files\Epic Games\UE_4.18\Engine\Binaries\DotNET\IOS
[2017.11.09-22.32.10:766][787]LogTemp: BranchPath = DESKTOP-MKL36OS/C/Program Files/Epic Games/UE_4.18/Engine/Binaries --- GameBranchPath = DESKTOP-MKL36OS/C/Program Files/Epic Games/UE_4.18/Engine/Binaries
[2017.11.09-22.32.10:766][787]LogTemp: IPP ERROR: Could not find provision directory 'C:\Users\cyber\AppData\Local/Apple Computer/MobileDevice/Provisioning Profiles/'.
[2017.11.09-22.39.50:787][367]LogSavePackage: Save=225.94ms
[2017.11.09-22.39.50:787][367]LogSavePackage: Moving '../../../../../../Users/cyber/Documents/Unreal Projects/LZNJ_FPS_v001/LZNJ_FPS_v001/Saved/ThirdPersonExampleMap_Auto11CD7064A4C5754F5D44BCB9C62AFDA8B.tmp' to '../../../../../../Users/cyber/Documents/Unreal Projects/LZNJ_FPS_v001/LZNJ_FPS_v001/Saved/Autosaves/Game/ThirdPersonBP/Maps/ThirdPersonExampleMap_Auto1.umap'
[2017.11.09-22.39.50:790][367]LogSavePackage: Display: Finished SavePackage ../../../../../../Users/cyber/Documents/Unreal Projects/LZNJ_FPS_v001/LZNJ_FPS_v001/Saved/Autosaves/Game/ThirdPersonBP/Maps/ThirdPersonExampleMap_Auto1.umap
[2017.11.09-22.39.50:793][367]LogFileHelpers: Editor autosave (incl. sublevels) for '/Game/ThirdPersonBP/Maps/ThirdPersonExampleMap' took 0.315
[2017.11.09-22.39.50:793][367]LogFileHelpers: Editor autosave (incl. sublevels) for all levels took 0.315
[2017.11.09-22.39.50:796][367]OBJ SavePackage: Generating thumbnails for [1] asset(s) in package [/Game/ThirdPersonBP/Blueprints/ThirdPersonCharacter] ([1] browsable assets)...
[2017.11.09-22.39.50:813][367]OBJ SavePackage:     Rendered thumbnail for [Blueprint /Game/ThirdPersonBP/Blueprints/ThirdPersonCharacter.ThirdPersonCharacter]
[2017.11.09-22.39.50:813][367]OBJ SavePackage: Finished generating thumbnails for package [/Game/ThirdPersonBP/Blueprints/ThirdPersonCharacter]
[2017.11.09-22.39.51:061][367]LogSavePackage: Save=228.75ms
[2017.11.09-22.39.51:061][367]LogSavePackage: Moving '../../../../../../Users/cyber/Documents/Unreal Projects/LZNJ_FPS_v001/LZNJ_FPS_v001/Saved/ThirdPersonCharacter_Auto17F61288749B78B4E9A57258F25392D86.tmp' to '../../../../../../Users/cyber/Documents/Unreal Projects/LZNJ_FPS_v001/LZNJ_FPS_v001/Saved/Autosaves/Game/ThirdPersonBP/Blueprints/ThirdPersonCharacter_Auto1.uasset'
[2017.11.09-22.39.51:063][367]LogSavePackage: Display: Finished SavePackage ../../../../../../Users/cyber/Documents/Unreal Projects/LZNJ_FPS_v001/LZNJ_FPS_v001/Saved/Autosaves/Game/ThirdPersonBP/Blueprints/ThirdPersonCharacter_Auto1.uasset
[2017.11.09-22.39.51:064][367]OBJ SavePackage: Generating thumbnails for [1] asset(s) in package [/Game/ThirdPersonBP/Blueprints/Character/Swat_AnimBP] ([1] browsable assets)...
[2017.11.09-22.39.51:080][367]OBJ SavePackage:     Rendered thumbnail for [AnimBlueprint /Game/ThirdPersonBP/Blueprints/Character/Swat_AnimBP.Swat_AnimBP]
[2017.11.09-22.39.51:080][367]OBJ SavePackage: Finished generating thumbnails for package [/Game/ThirdPersonBP/Blueprints/Character/Swat_AnimBP]
[2017.11.09-22.39.51:244][367]LogSavePackage: Save=140.50ms
[2017.11.09-22.39.51:244][367]LogSavePackage: Moving '../../../../../../Users/cyber/Documents/Unreal Projects/LZNJ_FPS_v001/LZNJ_FPS_v001/Saved/Swat_AnimBP_Auto1867013DD43F4949774E09FADD695473B.tmp' to '../../../../../../Users/cyber/Documents/Unreal Projects/LZNJ_FPS_v001/LZNJ_FPS_v001/Saved/Autosaves/Game/ThirdPersonBP/Blueprints/Character/Swat_AnimBP_Auto1.uasset'
[2017.11.09-22.39.51:246][367]LogSavePackage: Display: Finished SavePackage ../../../../../../Users/cyber/Documents/Unreal Projects/LZNJ_FPS_v001/LZNJ_FPS_v001/Saved/Autosaves/Game/ThirdPersonBP/Blueprints/Character/Swat_AnimBP_Auto1.uasset
[2017.11.09-22.39.51:246][367]LogFileHelpers: Auto-saving content packages took 0.451
[2017.11.09-22.51.54:824][148]BlueprintLog: New page: Compile ThirdPersonCharacter
[2017.11.09-22.52.29:281][814]LogSavePackage: Save=228.57ms
[2017.11.09-22.52.29:281][814]LogSavePackage: Moving '../../../../../../Users/cyber/Documents/Unreal Projects/LZNJ_FPS_v001/LZNJ_FPS_v001/Saved/ThirdPersonExampleMap_Auto257B070124A7AB43320614EAD51FCBA89.tmp' to '../../../../../../Users/cyber/Documents/Unreal Projects/LZNJ_FPS_v001/LZNJ_FPS_v001/Saved/Autosaves/Game/ThirdPersonBP/Maps/ThirdPersonExampleMap_Auto2.umap'
[2017.11.09-22.52.29:284][814]LogSavePackage: Display: Finished SavePackage ../../../../../../Users/cyber/Documents/Unreal Projects/LZNJ_FPS_v001/LZNJ_FPS_v001/Saved/Autosaves/Game/ThirdPersonBP/Maps/ThirdPersonExampleMap_Auto2.umap
[2017.11.09-22.52.29:287][814]LogFileHelpers: Editor autosave (incl. sublevels) for '/Game/ThirdPersonBP/Maps/ThirdPersonExampleMap' took 0.344
[2017.11.09-22.52.29:287][814]LogFileHelpers: Editor autosave (incl. sublevels) for all levels took 0.344
[2017.11.09-22.52.29:290][814]OBJ SavePackage: Generating thumbnails for [1] asset(s) in package [/Game/ThirdPersonBP/Blueprints/ThirdPersonCharacter] ([1] browsable assets)...
[2017.11.09-22.52.29:305][814]OBJ SavePackage:     Rendered thumbnail for [Blueprint /Game/ThirdPersonBP/Blueprints/ThirdPersonCharacter.ThirdPersonCharacter]
[2017.11.09-22.52.29:305][814]OBJ SavePackage: Finished generating thumbnails for package [/Game/ThirdPersonBP/Blueprints/ThirdPersonCharacter]
[2017.11.09-22.52.29:561][814]LogSavePackage: Save=230.63ms
[2017.11.09-22.52.29:561][814]LogSavePackage: Moving '../../../../../../Users/cyber/Documents/Unreal Projects/LZNJ_FPS_v001/LZNJ_FPS_v001/Saved/ThirdPersonCharacter_Auto211878C57485235D524232E8C1117576F.tmp' to '../../../../../../Users/cyber/Documents/Unreal Projects/LZNJ_FPS_v001/LZNJ_FPS_v001/Saved/Autosaves/Game/ThirdPersonBP/Blueprints/ThirdPersonCharacter_Auto2.uasset'
[2017.11.09-22.52.29:563][814]LogSavePackage: Display: Finished SavePackage ../../../../../../Users/cyber/Documents/Unreal Projects/LZNJ_FPS_v001/LZNJ_FPS_v001/Saved/Autosaves/Game/ThirdPersonBP/Blueprints/ThirdPersonCharacter_Auto2.uasset
[2017.11.09-22.52.29:563][814]LogFileHelpers: Auto-saving content packages took 0.274
[2017.11.09-22.54.16:028][173]BlueprintLog: New page: Compile ThirdPersonCharacter
[2017.11.09-23.02.30:377][743]LogSavePackage: Save=228.78ms
[2017.11.09-23.02.30:377][743]LogSavePackage: Moving '../../../../../../Users/cyber/Documents/Unreal Projects/LZNJ_FPS_v001/LZNJ_FPS_v001/Saved/ThirdPersonExampleMap_Auto3BF738AC14C789FED2388E38CEBDB6A59.tmp' to '../../../../../../Users/cyber/Documents/Unreal Projects/LZNJ_FPS_v001/LZNJ_FPS_v001/Saved/Autosaves/Game/ThirdPersonBP/Maps/ThirdPersonExampleMap_Auto3.umap'
[2017.11.09-23.02.30:380][743]LogSavePackage: Display: Finished SavePackage ../../../../../../Users/cyber/Documents/Unreal Projects/LZNJ_FPS_v001/LZNJ_FPS_v001/Saved/Autosaves/Game/ThirdPersonBP/Maps/ThirdPersonExampleMap_Auto3.umap
[2017.11.09-23.02.30:383][743]LogFileHelpers: Editor autosave (incl. sublevels) for '/Game/ThirdPersonBP/Maps/ThirdPersonExampleMap' took 0.321
[2017.11.09-23.02.30:383][743]LogFileHelpers: Editor autosave (incl. sublevels) for all levels took 0.321
[2017.11.09-23.02.30:386][743]OBJ SavePackage: Generating thumbnails for [1] asset(s) in package [/Game/ThirdPersonBP/Blueprints/ThirdPersonCharacter] ([1] browsable assets)...
[2017.11.09-23.02.30:403][743]OBJ SavePackage:     Rendered thumbnail for [Blueprint /Game/ThirdPersonBP/Blueprints/ThirdPersonCharacter.ThirdPersonCharacter]
[2017.11.09-23.02.30:404][743]OBJ SavePackage: Finished generating thumbnails for package [/Game/ThirdPersonBP/Blueprints/ThirdPersonCharacter]
[2017.11.09-23.02.30:654][743]LogSavePackage: Save=231.68ms
[2017.11.09-23.02.30:654][743]LogSavePackage: Moving '../../../../../../Users/cyber/Documents/Unreal Projects/LZNJ_FPS_v001/LZNJ_FPS_v001/Saved/ThirdPersonCharacter_Auto38A312E2C41B98F2DDB3CE4AD960A76E8.tmp' to '../../../../../../Users/cyber/Documents/Unreal Projects/LZNJ_FPS_v001/LZNJ_FPS_v001/Saved/Autosaves/Game/ThirdPersonBP/Blueprints/ThirdPersonCharacter_Auto3.uasset'
[2017.11.09-23.02.30:656][743]LogSavePackage: Display: Finished SavePackage ../../../../../../Users/cyber/Documents/Unreal Projects/LZNJ_FPS_v001/LZNJ_FPS_v001/Saved/Autosaves/Game/ThirdPersonBP/Blueprints/ThirdPersonCharacter_Auto3.uasset
[2017.11.09-23.02.30:656][743]LogFileHelpers: Auto-saving content packages took 0.271
[2017.11.09-23.31.49:105][175]BlueprintLog: New page: Compile ThirdPersonCharacter
[2017.11.09-23.31.58:032][639]LogActorComponent: RegisterComponentWithWorld: (/Engine/Transient.World_16:PersistentLevel.Actor_2.DebugSkelMeshComponent_4) Already registered. Aborting.
[2017.11.09-23.31.58:408][639]LogSkeletalMesh: USkeletalMeshComponent::InitArticulated : Bodies already created (/Engine/Transient.World_16:PersistentLevel.Actor_2.DebugSkelMeshComponent_4) - call TermArticulated first.
[2017.11.09-23.31.58:890][639]LogContentBrowser: Verbose: The majority of assets in the view are of type: AnimSequence
[2017.11.09-23.34.01:744][715]LogSavePackage: Save=238.63ms
[2017.11.09-23.34.01:744][715]LogSavePackage: Moving '../../../../../../Users/cyber/Documents/Unreal Projects/LZNJ_FPS_v001/LZNJ_FPS_v001/Saved/ThirdPersonExampleMap_Auto4BEB4CACF4CBE793AE646AFBB0A9819F4.tmp' to '../../../../../../Users/cyber/Documents/Unreal Projects/LZNJ_FPS_v001/LZNJ_FPS_v001/Saved/Autosaves/Game/ThirdPersonBP/Maps/ThirdPersonExampleMap_Auto4.umap'
[2017.11.09-23.34.01:745][715]LogSavePackage: Display: Finished SavePackage ../../../../../../Users/cyber/Documents/Unreal Projects/LZNJ_FPS_v001/LZNJ_FPS_v001/Saved/Autosaves/Game/ThirdPersonBP/Maps/ThirdPersonExampleMap_Auto4.umap
[2017.11.09-23.34.01:749][715]LogFileHelpers: Editor autosave (incl. sublevels) for '/Game/ThirdPersonBP/Maps/ThirdPersonExampleMap' took 0.419
[2017.11.09-23.34.01:749][715]LogFileHelpers: Editor autosave (incl. sublevels) for all levels took 0.419
[2017.11.09-23.34.01:753][715]OBJ SavePackage: Generating thumbnails for [1] asset(s) in package [/Game/ThirdPersonBP/Blueprints/ThirdPersonCharacter] ([1] browsable assets)...
[2017.11.09-23.34.01:769][715]OBJ SavePackage:     Rendered thumbnail for [Blueprint /Game/ThirdPersonBP/Blueprints/ThirdPersonCharacter.ThirdPersonCharacter]
[2017.11.09-23.34.01:769][715]OBJ SavePackage: Finished generating thumbnails for package [/Game/ThirdPersonBP/Blueprints/ThirdPersonCharacter]
[2017.11.09-23.34.02:041][715]LogSavePackage: Save=242.66ms
[2017.11.09-23.34.02:041][715]LogSavePackage: Moving '../../../../../../Users/cyber/Documents/Unreal Projects/LZNJ_FPS_v001/LZNJ_FPS_v001/Saved/ThirdPersonCharacter_Auto44E6A276C406D5DB118AFEDAA06D26651.tmp' to '../../../../../../Users/cyber/Documents/Unreal Projects/LZNJ_FPS_v001/LZNJ_FPS_v001/Saved/Autosaves/Game/ThirdPersonBP/Blueprints/ThirdPersonCharacter_Auto4.uasset'
[2017.11.09-23.34.02:042][715]LogSavePackage: Display: Finished SavePackage ../../../../../../Users/cyber/Documents/Unreal Projects/LZNJ_FPS_v001/LZNJ_FPS_v001/Saved/Autosaves/Game/ThirdPersonBP/Blueprints/ThirdPersonCharacter_Auto4.uasset
[2017.11.09-23.34.02:043][715]OBJ SavePackage: Generating thumbnails for [1] asset(s) in package [/Game/ThirdPersonBP/Blueprints/Character/Swat_AnimBP] ([1] browsable assets)...
[2017.11.09-23.34.02:060][715]OBJ SavePackage:     Rendered thumbnail for [AnimBlueprint /Game/ThirdPersonBP/Blueprints/Character/Swat_AnimBP.Swat_AnimBP]
[2017.11.09-23.34.02:060][715]OBJ SavePackage: Finished generating thumbnails for package [/Game/ThirdPersonBP/Blueprints/Character/Swat_AnimBP]
[2017.11.09-23.34.02:239][715]LogSavePackage: Save=143.51ms
[2017.11.09-23.34.02:239][715]LogSavePackage: Moving '../../../../../../Users/cyber/Documents/Unreal Projects/LZNJ_FPS_v001/LZNJ_FPS_v001/Saved/Swat_AnimBP_Auto4D47CE489466A894C6A5E9689017C7855.tmp' to '../../../../../../Users/cyber/Documents/Unreal Projects/LZNJ_FPS_v001/LZNJ_FPS_v001/Saved/Autosaves/Game/ThirdPersonBP/Blueprints/Character/Swat_AnimBP_Auto4.uasset'
[2017.11.09-23.34.02:240][715]LogSavePackage: Display: Finished SavePackage ../../../../../../Users/cyber/Documents/Unreal Projects/LZNJ_FPS_v001/LZNJ_FPS_v001/Saved/Autosaves/Game/ThirdPersonBP/Blueprints/Character/Swat_AnimBP_Auto4.uasset
[2017.11.09-23.34.02:240][715]LogFileHelpers: Auto-saving content packages took 0.488
[2017.11.09-23.37.12:967][621]BlueprintLog: New page: Compile Swat_AnimBP
[2017.11.09-23.37.13:002][621]LogBlueprint: Warning: [Compiler Swat_AnimBP] Idle to Crouching  will never be taken, please connect something to  Can Enter Transition
[2017.11.09-23.37.13:003][621]LogBlueprint: Warning: [Compiler Swat_AnimBP] Walk_Run to Crouching  will never be taken, please connect something to  Can Enter Transition
[2017.11.09-23.37.13:003][621]LogBlueprint: Warning: [Compiler Swat_AnimBP] Crouching to Walk_Run  will never be taken, please connect something to  Can Enter Transition
[2017.11.09-23.37.13:003][621]LogBlueprint: Warning: [Compiler Swat_AnimBP] Crouching to Idle  will never be taken, please connect something to  Can Enter Transition
[2017.11.09-23.37.13:216][621]LogBlueprint: Warning: [Compiler Swat_AnimBP] [4847.09] Compile of Swat_AnimBP successful, but with 4 Warning(s) [in 249 ms] (/Game/ThirdPersonBP/Blueprints/Character/Swat_AnimBP.Swat_AnimBP)
[2017.11.09-23.38.29:319][788]BlueprintLog: New page: Compile Swat_AnimBP
[2017.11.09-23.38.29:357][788]LogBlueprint: Warning: [Compiler Swat_AnimBP] Crouching to Walk_Run  will never be taken, please connect something to  Can Enter Transition
[2017.11.09-23.38.29:357][788]LogBlueprint: Warning: [Compiler Swat_AnimBP] Crouching to Idle  will never be taken, please connect something to  Can Enter Transition
[2017.11.09-23.38.29:564][788]LogBlueprint: Warning: [Compiler Swat_AnimBP] [4923.44] Compile of Swat_AnimBP successful, but with 2 Warning(s) [in 244 ms] (/Game/ThirdPersonBP/Blueprints/Character/Swat_AnimBP.Swat_AnimBP)
[2017.11.09-23.38.43:766][374]BlueprintLog: New page: Compile Swat_AnimBP
[2017.11.09-23.38.43:805][374]LogBlueprint: Warning: [Compiler Swat_AnimBP] Crouching to Idle  will never be taken, please connect something to  Can Enter Transition
[2017.11.09-23.38.44:013][374]LogBlueprint: Warning: [Compiler Swat_AnimBP] [4937.89] Compile of Swat_AnimBP successful, but with 1 Warning(s) [in 246 ms] (/Game/ThirdPersonBP/Blueprints/Character/Swat_AnimBP.Swat_AnimBP)
[2017.11.09-23.39.34:448][495]LogActorComponent: RegisterComponentWithWorld: (/Engine/Transient.World_19:PersistentLevel.Actor_3.DebugSkelMeshComponent_6) Already registered. Aborting.
[2017.11.09-23.39.34:825][495]LogSkeletalMesh: USkeletalMeshComponent::InitArticulated : Bodies already created (/Engine/Transient.World_19:PersistentLevel.Actor_3.DebugSkelMeshComponent_6) - call TermArticulated first.
[2017.11.09-23.39.35:297][495]LogContentBrowser: Verbose: The majority of assets in the view are of type: AnimSequence
[2017.11.09-23.39.42:414][798]LogActorComponent: RegisterComponentWithWorld: (/Engine/Transient.World_21:PersistentLevel.Actor_4.DebugSkelMeshComponent_8) Already registered. Aborting.
[2017.11.09-23.39.42:458][798]LogSkeletalMesh: USkeletalMeshComponent::InitArticulated : Bodies already created (/Engine/Transient.World_21:PersistentLevel.Actor_4.DebugSkelMeshComponent_8) - call TermArticulated first.
[2017.11.09-23.39.42:992][798]LogContentBrowser: Verbose: The majority of assets in the view are of type: AnimSequence
[2017.11.09-23.39.57:720][371]LogActorComponent: RegisterComponentWithWorld: (/Engine/Transient.World_23:PersistentLevel.Actor_5.DebugSkelMeshComponent_10) Already registered. Aborting.
[2017.11.09-23.39.57:763][371]LogSkeletalMesh: USkeletalMeshComponent::InitArticulated : Bodies already created (/Engine/Transient.World_23:PersistentLevel.Actor_5.DebugSkelMeshComponent_10) - call TermArticulated first.
[2017.11.09-23.39.58:269][371]LogContentBrowser: Verbose: The majority of assets in the view are of type: AnimSequence
[2017.11.09-23.40.33:625][119]LogActorComponent: RegisterComponentWithWorld: (/Engine/Transient.World_26:PersistentLevel.Actor_6.DebugSkelMeshComponent_12) Already registered. Aborting.
[2017.11.09-23.40.34:005][119]LogSkeletalMesh: USkeletalMeshComponent::InitArticulated : Bodies already created (/Engine/Transient.World_26:PersistentLevel.Actor_6.DebugSkelMeshComponent_12) - call TermArticulated first.
[2017.11.09-23.40.34:477][119]LogContentBrowser: Verbose: The majority of assets in the view are of type: AnimSequence
[2017.11.09-23.41.17:505][864]LogActorComponent: RegisterComponentWithWorld: (/Engine/Transient.World_28:PersistentLevel.Actor_7.DebugSkelMeshComponent_14) Already registered. Aborting.
[2017.11.09-23.41.17:559][864]LogSkeletalMesh: USkeletalMeshComponent::InitArticulated : Bodies already created (/Engine/Transient.World_28:PersistentLevel.Actor_7.DebugSkelMeshComponent_14) - call TermArticulated first.
[2017.11.09-23.41.18:063][864]LogContentBrowser: Verbose: The majority of assets in the view are of type: AnimSequence
[2017.11.09-23.41.27:824][360]LogActorComponent: RegisterComponentWithWorld: (/Engine/Transient.World_30:PersistentLevel.Actor_8.DebugSkelMeshComponent_16) Already registered. Aborting.
[2017.11.09-23.41.27:878][360]LogSkeletalMesh: USkeletalMeshComponent::InitArticulated : Bodies already created (/Engine/Transient.World_30:PersistentLevel.Actor_8.DebugSkelMeshComponent_16) - call TermArticulated first.
[2017.11.09-23.41.28:379][360]LogContentBrowser: Verbose: The majority of assets in the view are of type: AnimSequence
[2017.11.09-23.41.35:288][589]LogActorComponent: RegisterComponentWithWorld: (/Engine/Transient.World_33:PersistentLevel.Actor_9.DebugSkelMeshComponent_18) Already registered. Aborting.
[2017.11.09-23.41.35:660][589]LogSkeletalMesh: USkeletalMeshComponent::InitArticulated : Bodies already created (/Engine/Transient.World_33:PersistentLevel.Actor_9.DebugSkelMeshComponent_18) - call TermArticulated first.
[2017.11.09-23.41.36:153][589]LogContentBrowser: Verbose: The majority of assets in the view are of type: AnimSequence
[2017.11.09-23.41.53:810][100]Cmd: CLOSE_SLATE_MAINFRAME
[2017.11.09-23.41.55:419][100]LogSavePackage: Save=172.15ms
[2017.11.09-23.41.55:419][100]LogSavePackage: Moving '../../../../../../Users/cyber/Documents/Unreal Projects/LZNJ_FPS_v001/LZNJ_FPS_v001/Saved/Swat_AnimBP24349EF7479DC33970DB938781534247.tmp' to '../../../../../../Users/cyber/Documents/Unreal Projects/LZNJ_FPS_v001/LZNJ_FPS_v001/Content/ThirdPersonBP/Blueprints/Character/Swat_AnimBP.uasset'
[2017.11.09-23.41.55:430][100]LogSavePackage: Display: Finished SavePackage ../../../../../../Users/cyber/Documents/Unreal Projects/LZNJ_FPS_v001/LZNJ_FPS_v001/Content/ThirdPersonBP/Blueprints/Character/Swat_AnimBP.uasset
[2017.11.09-23.41.55:687][100]LogSavePackage: Save=233.24ms
[2017.11.09-23.41.55:687][100]LogSavePackage: Moving '../../../../../../Users/cyber/Documents/Unreal Projects/LZNJ_FPS_v001/LZNJ_FPS_v001/Saved/ThirdPersonCharacterB675D47341AE863A0BD1D5B7633030E8.tmp' to '../../../../../../Users/cyber/Documents/Unreal Projects/LZNJ_FPS_v001/LZNJ_FPS_v001/Content/ThirdPersonBP/Blueprints/ThirdPersonCharacter.uasset'
[2017.11.09-23.41.55:694][100]LogSavePackage: Display: Finished SavePackage ../../../../../../Users/cyber/Documents/Unreal Projects/LZNJ_FPS_v001/LZNJ_FPS_v001/Content/ThirdPersonBP/Blueprints/ThirdPersonCharacter.uasset
[2017.11.09-23.41.56:177][100]LogSavePackage: Save=239.35ms
[2017.11.09-23.41.56:177][100]LogSavePackage: Moving '../../../../../../Users/cyber/Documents/Unreal Projects/LZNJ_FPS_v001/LZNJ_FPS_v001/Saved/ThirdPersonExampleMap28E49AEB460946458CB1FEAA4681C6CC.tmp' to '../../../../../../Users/cyber/Documents/Unreal Projects/LZNJ_FPS_v001/LZNJ_FPS_v001/Content/ThirdPersonBP/Maps/ThirdPersonExampleMap.umap'
[2017.11.09-23.41.56:182][100]LogSavePackage: Display: Finished SavePackage ../../../../../../Users/cyber/Documents/Unreal Projects/LZNJ_FPS_v001/LZNJ_FPS_v001/Content/ThirdPersonBP/Maps/ThirdPersonExampleMap.umap
[2017.11.09-23.41.56:224][100]LogFileHelpers: Saving map 'ThirdPersonExampleMap' took 0.520
[2017.11.09-23.41.56:968][101]Cmd: QUIT_EDITOR
[2017.11.09-23.41.57:062][101]LogWindowsTextInputMethodSystem: Display: IME system now deactivated.
[2017.11.09-23.41.57:088][101]LogExit: Preparing to exit.
[2017.11.09-23.41.57:862][101]LogDirectoryWatcher: A directory notification for 'C:/Users/cyber/Documents/Unreal Projects/LZNJ_FPS_v001/LZNJ_FPS_v001/Content/' was aborted.
[2017.11.09-23.41.57:918][101]LogExit: Editor shut down
[2017.11.09-23.41.57:927][101]LogExit: Transaction tracking system shut down
[2017.11.09-23.41.58:150][101]LogDirectoryWatcher: A directory notification for '../../../Engine/Content/' was aborted.
[2017.11.09-23.41.58:150][101]LogDirectoryWatcher: A directory notification for '../../../../../../Users/cyber/Documents/Unreal Projects/LZNJ_FPS_v001/LZNJ_FPS_v001/Content/' was aborted.
[2017.11.09-23.41.58:151][101]LogDirectoryWatcher: A directory notification for '../../../Engine/Plugins/2D/Paper2D/Content/' was aborted.
[2017.11.09-23.41.58:151][101]LogDirectoryWatcher: A directory notification for '../../../Engine/Plugins/Media/MediaCompositing/Content/' was aborted.
[2017.11.09-23.41.58:151][101]LogDirectoryWatcher: A directory notification for '../../../Engine/Plugins/Runtime/AppleARKit/Content/' was aborted.
[2017.11.09-23.41.58:151][101]LogDirectoryWatcher: A directory notification for '../../../Engine/Plugins/Runtime/Oculus/OculusVR/Content/' was aborted.
[2017.11.09-23.41.58:151][101]LogDirectoryWatcher: A directory notification for '../../../Engine/Plugins/Runtime/Steam/SteamVR/Content/' was aborted.
[2017.11.09-23.41.58:332][101]LogExit: Object subsystem successfully closed.
[2017.11.09-23.41.58:378][101]LogD3D11RHI: Shutdown
[2017.11.09-23.41.58:378][101]LogD3D11RHI: CleanupD3DDevice
[2017.11.09-23.41.58:383][101]LogD3D11RHI: ~FD3D11DynamicRHI
[2017.11.09-23.41.58:437][101]LogModuleManager: Shutting down and abandoning module ExternalImagePicker (560)
[2017.11.09-23.41.58:437][101]LogModuleManager: Shutting down and abandoning module BlueprintGraph (558)
[2017.11.09-23.41.58:437][101]LogModuleManager: Shutting down and abandoning module AnimationBlueprintEditor (556)
[2017.11.09-23.41.58:437][101]LogModuleManager: Shutting down and abandoning module ClothingSystemEditorInterface (554)
[2017.11.09-23.41.58:437][101]LogModuleManager: Shutting down and abandoning module SkeletonEditor (552)
[2017.11.09-23.41.58:438][101]LogModuleManager: Shutting down and abandoning module AnimationEditor (550)
[2017.11.09-23.41.58:438][101]LogModuleManager: Shutting down and abandoning module HierarchicalLODOutliner (548)
[2017.11.09-23.41.58:438][101]LogModuleManager: Shutting down and abandoning module SceneOutliner (546)
[2017.11.09-23.41.58:438][101]LogModuleManager: Shutting down and abandoning module AddContentDialog (544)
[2017.11.09-23.41.58:439][101]LogDirectoryWatcher: A directory notification for 'C:/Program Files/Epic Games/UE_4.18/FeaturePacks/' was aborted.
[2017.11.09-23.41.58:441][101]LogModuleManager: Shutting down and abandoning module WidgetCarousel (543)
[2017.11.09-23.41.58:441][101]LogModuleManager: Shutting down and abandoning module EditorWidgets (540)
[2017.11.09-23.41.58:441][101]LogModuleManager: Shutting down and abandoning module CollectionManager (538)
[2017.11.09-23.41.58:442][101]LogDirectoryWatcher: A directory notification for 'C:/Users/cyber/Documents/Unreal Projects/LZNJ_FPS_v001/LZNJ_FPS_v001/Content/Collections/' was aborted.
[2017.11.09-23.41.58:442][101]LogDirectoryWatcher: A directory notification for 'C:/Users/cyber/Documents/Unreal Projects/LZNJ_FPS_v001/LZNJ_FPS_v001/Content/Developers/cyber/Collections/' was aborted.
[2017.11.09-23.41.58:442][101]LogDirectoryWatcher: A directory notification for 'C:/Users/cyber/Documents/Unreal Projects/LZNJ_FPS_v001/LZNJ_FPS_v001/Saved/Collections/' was aborted.
[2017.11.09-23.41.58:442][101]LogModuleManager: Shutting down and abandoning module StatsViewer (536)
[2017.11.09-23.41.58:443][101]LogModuleManager: Shutting down and abandoning module FoliageEdit (534)
[2017.11.09-23.41.58:443][101]LogModuleManager: Shutting down and abandoning module LandscapeEditor (532)
[2017.11.09-23.41.58:445][101]LogModuleManager: Shutting down and abandoning module MeshPaintMode (530)
[2017.11.09-23.41.58:445][101]LogModuleManager: Shutting down and abandoning module SceneDepthPickerMode (528)
[2017.11.09-23.41.58:445][101]LogModuleManager: Shutting down and abandoning module ActorPickerMode (526)
[2017.11.09-23.41.58:445][101]LogModuleManager: Shutting down and abandoning module GeometryMode (524)
[2017.11.09-23.41.58:445][101]LogModuleManager: Shutting down and abandoning module TextureAlignMode (522)
[2017.11.09-23.41.58:445][101]LogModuleManager: Shutting down and abandoning module BspMode (520)
[2017.11.09-23.41.58:445][101]LogModuleManager: Shutting down and abandoning module PIEPreviewDeviceProfileSelector (518)
[2017.11.09-23.41.58:445][101]LogModuleManager: Shutting down and abandoning module HardwareSurvey (516)
[2017.11.09-23.41.58:445][101]LogModuleManager: Shutting down and abandoning module SequenceRecorderSections (514)
[2017.11.09-23.41.58:446][101]LogModuleManager: Shutting down and abandoning module AutomationWorker (512)
[2017.11.09-23.41.58:446][101]LogModuleManager: Shutting down and abandoning module MatineeToLevelSequence (510)
[2017.11.09-23.41.58:446][101]LogModuleManager: Shutting down and abandoning module LevelSequenceEditor (508)
[2017.11.09-23.41.58:449][101]LogModuleManager: Shutting down and abandoning module PlacementMode (507)
[2017.11.09-23.41.58:449][101]LogModuleManager: Shutting down and abandoning module WmfMediaFactory (504)
[2017.11.09-23.41.58:449][101]LogModuleManager: Shutting down and abandoning module WmfMediaEditor (502)
[2017.11.09-23.41.58:449][101]LogModuleManager: Shutting down and abandoning module OpenExrWrapper (500)
[2017.11.09-23.41.58:449][101]LogModuleManager: Shutting down and abandoning module ImgMediaFactory (498)
[2017.11.09-23.41.58:449][101]LogModuleManager: Shutting down and abandoning module ImgMediaEditor (496)
[2017.11.09-23.41.58:449][101]LogModuleManager: Shutting down and abandoning module AvfMediaFactory (494)
[2017.11.09-23.41.58:449][101]LogModuleManager: Shutting down and abandoning module AvfMediaEditor (492)
[2017.11.09-23.41.58:449][101]LogModuleManager: Shutting down and abandoning module AndroidMediaFactory (490)
[2017.11.09-23.41.58:449][101]LogModuleManager: Shutting down and abandoning module AndroidMediaEditor (488)
[2017.11.09-23.41.58:449][101]LogModuleManager: Shutting down and abandoning module CharacterAI (486)
[2017.11.09-23.41.58:449][101]LogModuleManager: Shutting down and abandoning module AudioCapture (484)
[2017.11.09-23.41.58:450][101]LogModuleManager: Shutting down and abandoning module SequenceRecorder (483)
[2017.11.09-23.41.58:450][101]LogModuleManager: Shutting down and abandoning module SmartSnapping (480)
[2017.11.09-23.41.58:450][101]LogModuleManager: Shutting down and abandoning module SessionServices (478)
[2017.11.09-23.41.58:450][101]LogModuleManager: Shutting down and abandoning module ViewportSnapping (476)
[2017.11.09-23.41.58:450][101]LogModuleManager: Shutting down and abandoning module ViewportInteraction (474)
[2017.11.09-23.41.58:450][101]LogModuleManager: Shutting down and abandoning module ClothPainter (472)
[2017.11.09-23.41.58:451][101]LogModuleManager: Shutting down and abandoning module SkeletalMeshEditor (471)
[2017.11.09-23.41.58:453][101]LogModuleManager: Shutting down and abandoning module LogVisualizer (468)
[2017.11.09-23.41.58:454][101]LogModuleManager: Shutting down and abandoning module IntroTutorials (466)
[2017.11.09-23.41.58:456][101]LogModuleManager: Shutting down and abandoning module GameProjectGeneration (465)
[2017.11.09-23.41.58:458][101]LogModuleManager: Shutting down and abandoning module IOSPlatformEditor (462)
[2017.11.09-23.41.58:458][101]LogModuleManager: Shutting down and abandoning module HTML5PlatformEditor (460)
[2017.11.09-23.41.58:458][101]LogModuleManager: Shutting down and abandoning module AndroidPlatformEditor (458)
[2017.11.09-23.41.58:458][101]LogModuleManager: Shutting down and abandoning module AndroidDeviceDetection (457)
[2017.11.09-23.41.58:747][101]LogModuleManager: Shutting down and abandoning module WindowsPlatformEditor (454)
[2017.11.09-23.41.58:747][101]LogModuleManager: Shutting down and abandoning module IOSRuntimeSettings (452)
[2017.11.09-23.41.58:747][101]LogModuleManager: Shutting down and abandoning module AndroidRuntimeSettings (450)
[2017.11.09-23.41.58:747][101]LogModuleManager: Shutting down and abandoning module InputBindingEditor (448)
[2017.11.09-23.41.58:747][101]LogModuleManager: Shutting down and abandoning module MergeActors (446)
[2017.11.09-23.41.58:748][101]LogModuleManager: Shutting down and abandoning module SizeMap (444)
[2017.11.09-23.41.58:748][101]LogModuleManager: Shutting down and abandoning module TreeMap (442)
[2017.11.09-23.41.58:749][101]LogModuleManager: Shutting down and abandoning module ReferenceViewer (440)
[2017.11.09-23.41.58:749][101]LogModuleManager: Shutting down and abandoning module LocalizationDashboard (438)
[2017.11.09-23.41.58:750][101]LogModuleManager: Shutting down and abandoning module LocalizationService (437)
[2017.11.09-23.41.58:750][101]LogModuleManager: Shutting down and abandoning module HardwareTargeting (434)
[2017.11.09-23.41.58:750][101]LogModuleManager: Shutting down and abandoning module DeviceProfileEditor (432)
[2017.11.09-23.41.58:750][101]LogModuleManager: Shutting down and abandoning module UndoHistory (430)
[2017.11.09-23.41.58:750][101]LogModuleManager: Shutting down and abandoning module XmlParser (428)
[2017.11.09-23.41.58:751][101]LogModuleManager: Shutting down and abandoning module Blutility (426)
[2017.11.09-23.41.58:751][101]LogModuleManager: Shutting down and abandoning module ProjectSettingsViewer (424)
[2017.11.09-23.41.58:751][101]LogModuleManager: Shutting down and abandoning module ProjectTargetPlatformEditor (423)
[2017.11.09-23.41.58:751][101]LogModuleManager: Shutting down and abandoning module EditorSettingsViewer (420)
[2017.11.09-23.41.58:751][101]LogModuleManager: Shutting down and abandoning module SettingsEditor (418)
[2017.11.09-23.41.58:751][101]LogModuleManager: Shutting down and abandoning module ProjectLauncher (416)
[2017.11.09-23.41.58:752][101]LogModuleManager: Shutting down and abandoning module SessionFrontend (414)
[2017.11.09-23.41.58:752][101]LogModuleManager: Shutting down and abandoning module ProfilerClient (412)
[2017.11.09-23.41.58:753][101]LogModuleManager: Shutting down and abandoning module DeviceManager (410)
[2017.11.09-23.41.58:753][101]LogModuleManager: Shutting down and abandoning module TargetDeviceServices (409)
[2017.11.09-23.41.58:808][101]LogModuleManager: Shutting down and abandoning module AutomationController (406)
[2017.11.09-23.41.58:809][101]LogModuleManager: Shutting down and abandoning module AutomationWindow (404)
[2017.11.09-23.41.58:810][101]LogModuleManager: Shutting down and abandoning module Layers (402)
[2017.11.09-23.41.58:812][101]LogModuleManager: Shutting down and abandoning module ComponentVisualizers (400)
[2017.11.09-23.41.58:812][101]LogModuleManager: Shutting down and abandoning module DetailCustomizations (398)
[2017.11.09-23.41.58:813][101]LogModuleManager: Shutting down and abandoning module PackagesDialog (396)
[2017.11.09-23.41.58:813][101]LogModuleManager: Shutting down and abandoning module Persona (394)
[2017.11.09-23.41.58:813][101]LogModuleManager: Shutting down and abandoning module AdvancedPreviewScene (393)
[2017.11.09-23.41.58:813][101]LogModuleManager: Shutting down and abandoning module AnimGraph (391)
[2017.11.09-23.41.58:813][101]LogModuleManager: Shutting down and abandoning module Kismet (388)
[2017.11.09-23.41.58:827][101]LogModuleManager: Shutting down and abandoning module ClassViewer (386)
[2017.11.09-23.41.58:827][101]LogModuleManager: Shutting down and abandoning module Toolbox (384)
[2017.11.09-23.41.58:827][101]LogModuleManager: Shutting down and abandoning module ModuleUI (382)
[2017.11.09-23.41.58:828][101]LogModuleManager: Shutting down and abandoning module MovieSceneTools (380)
[2017.11.09-23.41.58:829][101]LogModuleManager: Shutting down and abandoning module OutputLog (378)
[2017.11.09-23.41.58:830][101]LogModuleManager: Shutting down and abandoning module GammaUI (376)
[2017.11.09-23.41.58:830][101]LogModuleManager: Shutting down and abandoning module Documentation (374)
[2017.11.09-23.41.58:830][101]LogModuleManager: Shutting down and abandoning module MovieSceneTracks (372)
[2017.11.09-23.41.58:830][101]LogModuleManager: Shutting down and abandoning module MovieScene (370)
[2017.11.09-23.41.58:830][101]LogModuleManager: Shutting down and abandoning module StreamingPauseRendering (368)
[2017.11.09-23.41.58:830][101]LogModuleManager: Shutting down and abandoning module LauncherPlatform (366)
[2017.11.09-23.41.58:831][101]LogModuleManager: Shutting down and abandoning module AnalyticsET (364)
[2017.11.09-23.41.58:831][101]LogModuleManager: Shutting down and abandoning module PortalServices (362)
[2017.11.09-23.41.58:831][101]LogModuleManager: Shutting down and abandoning module PortalRpc (360)
[2017.11.09-23.41.58:831][101]LogModuleManager: Shutting down and abandoning module MessagingRpc (358)
[2017.11.09-23.41.58:831][101]LogModuleManager: Shutting down and abandoning module AIModule (356)
[2017.11.09-23.41.58:831][101]LogModuleManager: Shutting down and abandoning module GameplayDebugger (355)
[2017.11.09-23.41.58:832][101]LogModuleManager: Shutting down and abandoning module AITestSuite (353)
[2017.11.09-23.41.58:832][101]LogModuleManager: Shutting down and abandoning module DesktopPlatform (350)
[2017.11.09-23.41.58:832][101]LogModuleManager: Shutting down and abandoning module ProfilerService (348)
[2017.11.09-23.41.58:893][101]LogModuleManager: Shutting down and abandoning module TaskGraph (346)
[2017.11.09-23.41.58:894][101]LogModuleManager: Shutting down and abandoning module SteamVRController (344)
[2017.11.09-23.41.58:894][101]LogModuleManager: Shutting down and abandoning module ProceduralMeshComponentEditor (342)
[2017.11.09-23.41.58:894][101]LogModuleManager: Shutting down and abandoning module ProceduralMeshComponent (340)
[2017.11.09-23.41.58:895][101]LogModuleManager: Shutting down and abandoning module OculusInput (338)
[2017.11.09-23.41.58:895][101]LogModuleManager: Shutting down and abandoning module MobilePatchingUtils (336)
[2017.11.09-23.41.58:895][101]LogModuleManager: Shutting down and abandoning module CustomMeshComponent (334)
[2017.11.09-23.41.58:895][101]LogModuleManager: Shutting down and abandoning module CableComponent (332)
[2017.11.09-23.41.58:895][101]LogModuleManager: Shutting down and abandoning module ArchVisCharacter (330)
[2017.11.09-23.41.58:896][101]LogModuleManager: Shutting down and abandoning module AndroidPermission (328)
[2017.11.09-23.41.58:896][101]LogModuleManager: Shutting down and abandoning module ActorSequence (324)
[2017.11.09-23.41.58:896][101]LogModuleManager: Shutting down and abandoning module MediaPlayerEditor (322)
[2017.11.09-23.41.58:899][101]LogModuleManager: Shutting down and abandoning module MediaCompositingEditor (320)
[2017.11.09-23.41.58:899][101]LogModuleManager: Shutting down and abandoning module MediaCompositing (318)
[2017.11.09-23.41.58:899][101]LogModuleManager: Shutting down and abandoning module HTML5Networking (316)
[2017.11.09-23.41.58:899][101]LogModuleManager: Shutting down and abandoning module AlembicImporter (314)
[2017.11.09-23.41.58:899][101]LogModuleManager: Shutting down and abandoning module AlembicLibrary (313)
[2017.11.09-23.41.58:899][101]LogModuleManager: Shutting down and abandoning module GeometryCache (312)
[2017.11.09-23.41.58:900][101]LogModuleManager: Shutting down and abandoning module GeometryCacheEd (311)
[2017.11.09-23.41.58:900][101]LogModuleManager: Shutting down and abandoning module SpeedTreeImporter (306)
[2017.11.09-23.41.58:900][101]LogModuleManager: Shutting down and abandoning module PluginBrowser (304)
[2017.11.09-23.41.58:903][101]LogModuleManager: Shutting down and abandoning module MobileLauncherProfileWizard (302)
[2017.11.09-23.41.58:904][101]LogModuleManager: Shutting down and abandoning module VisualStudioSourceCodeAccess (300)
[2017.11.09-23.41.58:904][101]LogModuleManager: Shutting down and abandoning module VisualStudioCodeSourceCodeAccess (298)
[2017.11.09-23.41.58:904][101]LogModuleManager: Shutting down and abandoning module UObjectPlugin (296)
[2017.11.09-23.41.58:904][101]LogModuleManager: Shutting down and abandoning module SubversionSourceControl (294)
[2017.11.09-23.41.58:905][101]LogModuleManager: Shutting down and abandoning module PerforceSourceControl (292)
[2017.11.09-23.41.58:908][101]LogModuleManager: Shutting down and abandoning module GitSourceControl (290)
[2017.11.09-23.41.58:909][101]LogModuleManager: Shutting down and abandoning module SourceControl (289)
[2017.11.09-23.41.58:910][101]LogModuleManager: Shutting down and abandoning module LightPropagationVolumeEditor (286)
[2017.11.09-23.41.58:910][101]LogModuleManager: Shutting down and abandoning module PaperTiledImporter (284)
[2017.11.09-23.41.58:910][101]LogModuleManager: Shutting down and abandoning module PaperSpriteSheetImporter (282)
[2017.11.09-23.41.58:910][101]LogModuleManager: Shutting down and abandoning module Paper2DEditor (280)
[2017.11.09-23.41.58:911][101]LogModuleManager: Shutting down and abandoning module MeshPaint (279)
[2017.11.09-23.41.58:912][101]LogModuleManager: Shutting down and abandoning module LevelEditor (277)
[2017.11.09-23.41.58:914][101]LogModuleManager: Shutting down and abandoning module PixelInspectorModule (276)
[2017.11.09-23.41.58:914][101]LogModuleManager: Shutting down and abandoning module MainFrame (274)
[2017.11.09-23.41.58:915][101]LogModuleManager: Shutting down and abandoning module HotReload (273)
[2017.11.09-23.41.58:916][101]LogModuleManager: Shutting down and abandoning module RuntimePhysXCooking (268)
[2017.11.09-23.41.58:916][101]LogModuleManager: Shutting down and abandoning module PhysXVehiclesEditor (266)
[2017.11.09-23.41.58:916][101]LogModuleManager: Shutting down and abandoning module PhysXVehicles (264)
[2017.11.09-23.41.58:916][101]LogModuleManager: Shutting down and abandoning module OculusEditor (262)
[2017.11.09-23.41.58:916][101]LogModuleManager: Shutting down and abandoning module LocationServicesBPLibrary (260)
[2017.11.09-23.41.58:916][101]LogModuleManager: Shutting down and abandoning module ImmediatePhysicsEditor (258)
[2017.11.09-23.41.58:916][101]LogModuleManager: Shutting down and abandoning module ImmediatePhysics (256)
[2017.11.09-23.41.58:916][101]LogModuleManager: Shutting down and abandoning module UdpMessaging (254)
[2017.11.09-23.41.59:017][101]LogModuleManager: Shutting down and abandoning module TcpMessaging (252)
[2017.11.09-23.41.59:118][101]LogModuleManager: Shutting down and abandoning module GameplayTagsEditor (250)
[2017.11.09-23.41.59:118][101]LogModuleManager: Shutting down and abandoning module FacialAnimationEditor (248)
[2017.11.09-23.41.59:118][101]LogModuleManager: Shutting down and abandoning module FacialAnimation (246)
[2017.11.09-23.41.59:118][101]LogModuleManager: Shutting down and abandoning module AssetManagerEditor (244)
[2017.11.09-23.41.59:120][101]LogModuleManager: Shutting down and abandoning module GraphEditor (243)
[2017.11.09-23.41.59:120][101]LogModuleManager: Shutting down and abandoning module ContentBrowser (241)
[2017.11.09-23.41.59:121][101]LogModuleManager: Shutting down and abandoning module LightPropagationVolumeRuntime (238)
[2017.11.09-23.41.59:121][101]LogModuleManager: Shutting down and abandoning module Paper2D (236)
[2017.11.09-23.41.59:121][101]LogModuleManager: Shutting down and abandoning module WindowsMoviePlayer (234)
[2017.11.09-23.41.59:122][101]LogModuleManager: Shutting down and abandoning module WmfMedia (232)
[2017.11.09-23.41.59:122][101]LogModuleManager: Shutting down and abandoning module ImgMedia (230)
[2017.11.09-23.41.59:122][101]LogModuleManager: Shutting down and abandoning module PacketHandler (228)
[2017.11.09-23.41.59:122][101]LogModuleManager: Shutting down and abandoning module ClothingSystemEditor (226)
[2017.11.09-23.41.59:122][101]LogModuleManager: Shutting down and abandoning module ClothingSystemRuntime (224)
[2017.11.09-23.41.59:123][101]LogModuleManager: Shutting down and abandoning module MediaAssets (222)
[2017.11.09-23.41.59:123][101]LogModuleManager: Shutting down and abandoning module Media (221)
[2017.11.09-23.41.59:129][101]LogModuleManager: Shutting down and abandoning module Overlay (218)
[2017.11.09-23.41.59:129][101]LogModuleManager: Shutting down and abandoning module OverlayEditor (217)
[2017.11.09-23.41.59:129][101]LogModuleManager: Shutting down and abandoning module VREditor (214)
[2017.11.09-23.41.59:130][101]LogModuleManager: Shutting down and abandoning module StringTableEditor (212)
[2017.11.09-23.41.59:131][101]LogModuleManager: Shutting down and abandoning module GameplayTasksEditor (210)
[2017.11.09-23.41.59:131][101]LogModuleManager: Shutting down and abandoning module BehaviorTreeEditor (208)
[2017.11.09-23.41.59:133][101]LogModuleManager: Shutting down and abandoning module FunctionalTesting (206)
[2017.11.09-23.41.59:134][101]LogModuleManager: Shutting down and abandoning module CollisionAnalyzer (204)
[2017.11.09-23.41.59:135][101]LogModuleManager: Shutting down and abandoning module WorkspaceMenuStructure (203)
[2017.11.09-23.41.59:135][101]LogModuleManager: Shutting down and abandoning module UMG (200)
[2017.11.09-23.41.59:136][101]LogModuleManager: Shutting down and abandoning module UMGEditor (199)
[2017.11.09-23.41.59:138][101]LogModuleManager: Shutting down and abandoning module Sequencer (198)
[2017.11.09-23.41.59:139][101]LogModuleManager: Shutting down and abandoning module MessageLog (195)
[2017.11.09-23.41.59:139][101]LogModuleManager: Shutting down and abandoning module SlateReflector (190)
[2017.11.09-23.41.59:142][101]LogModuleManager: Shutting down and abandoning module Slate (188)
[2017.11.09-23.41.59:142][101]LogModuleManager: Shutting down and abandoning module EditorStyle (186)
[2017.11.09-23.41.59:146][101]LogModuleManager: Shutting down and abandoning module MRMesh (184)
[2017.11.09-23.41.59:146][101]LogModuleManager: Shutting down and abandoning module SourceCodeAccess (182)
[2017.11.09-23.41.59:146][101]LogModuleManager: Shutting down and abandoning module HeadMountedDisplay (180)
[2017.11.09-23.41.59:146][101]LogModuleManager: Shutting down and abandoning module XAudio2 (178)
[2017.11.09-23.41.59:146][101]LogModuleManager: Shutting down and abandoning module Networking (176)
[2017.11.09-23.41.59:146][101]LogModuleManager: Shutting down and abandoning module Core (172)
[2017.11.09-23.41.59:146][101]LogModuleManager: Shutting down and abandoning module LevelSequence (168)
[2017.11.09-23.41.59:147][101]LogModuleManager: Shutting down and abandoning module DirectoryWatcher (166)
[2017.11.09-23.41.59:148][101]LogModuleManager: Shutting down and abandoning module KismetCompiler (164)
[2017.11.09-23.41.59:148][101]LogModuleManager: Shutting down and abandoning module MeshUtilities (162)
[2017.11.09-23.41.59:149][101]LogModuleManager: Shutting down and abandoning module MeshMergeUtilities (161)
[2017.11.09-23.41.59:150][101]LogModuleManager: Shutting down and abandoning module MeshReductionInterface (160)
[2017.11.09-23.41.59:150][101]LogModuleManager: Shutting down and abandoning module SimplygonSwarm (159)
[2017.11.09-23.41.59:151][101]LogModuleManager: Shutting down and abandoning module SimplygonMeshReduction (157)
[2017.11.09-23.41.59:151][101]LogModuleManager: Shutting down and abandoning module QuadricMeshReduction (155)
[2017.11.09-23.41.59:151][101]LogModuleManager: Shutting down and abandoning module MaterialBaking (151)
[2017.11.09-23.41.59:152][101]LogModuleManager: Shutting down and abandoning module DerivedDataCache (148)
[2017.11.09-23.41.59:185][101]LogDerivedDataCache: Shutdown
[2017.11.09-23.41.59:185][101]LogModuleManager: Shutting down and abandoning module TargetPlatform (146)
[2017.11.09-23.41.59:185][101]LogModuleManager: Shutting down and abandoning module VulkanShaderFormat (145)
[2017.11.09-23.41.59:185][101]LogModuleManager: Shutting down and abandoning module ShaderFormatVectorVM (143)
[2017.11.09-23.41.59:186][101]LogModuleManager: Shutting down and abandoning module ShaderFormatOpenGL (141)
[2017.11.09-23.41.59:187][101]LogModuleManager: Shutting down and abandoning module ShaderFormatD3D (139)
[2017.11.09-23.41.59:187][101]LogModuleManager: Shutting down and abandoning module MetalShaderFormat (137)
[2017.11.09-23.41.59:188][101]LogModuleManager: Shutting down and abandoning module TextureFormatUncompressed (135)
[2017.11.09-23.41.59:188][101]LogModuleManager: Shutting down and abandoning module TextureFormatPVR (133)
[2017.11.09-23.41.59:188][101]LogModuleManager: Shutting down and abandoning module TextureFormatDXT (131)
[2017.11.09-23.41.59:188][101]LogModuleManager: Shutting down and abandoning module TextureFormatIntelISPCTexComp (129)
[2017.11.09-23.41.59:189][101]LogModuleManager: Shutting down and abandoning module TextureFormatASTC (127)
[2017.11.09-23.41.59:189][101]LogModuleManager: Shutting down and abandoning module ImageWrapper (126)
[2017.11.09-23.41.59:189][101]LogModuleManager: Shutting down and abandoning module TextureFormatAndroid (123)
[2017.11.09-23.41.59:189][101]LogModuleManager: Shutting down and abandoning module AudioFormatOpus (121)
[2017.11.09-23.41.59:189][101]LogModuleManager: Shutting down and abandoning module AudioFormatOgg (119)
[2017.11.09-23.41.59:189][101]LogModuleManager: Shutting down and abandoning module AudioFormatADPCM (117)
[2017.11.09-23.41.59:189][101]LogModuleManager: Shutting down and abandoning module LinuxTargetPlatform (115)
[2017.11.09-23.41.59:189][101]LogModuleManager: Shutting down and abandoning module LinuxServerTargetPlatform (113)
[2017.11.09-23.41.59:189][101]LogModuleManager: Shutting down and abandoning module LinuxNoEditorTargetPlatform (111)
[2017.11.09-23.41.59:189][101]LogModuleManager: Shutting down and abandoning module LinuxClientTargetPlatform (109)
[2017.11.09-23.41.59:189][101]LogModuleManager: Shutting down and abandoning module TVOSTargetPlatform (107)
[2017.11.09-23.41.59:189][101]LogModuleManager: Shutting down and abandoning module Messaging (105)
[2017.11.09-23.41.59:189][101]LogModuleManager: Shutting down and abandoning module IOSTargetPlatform (103)
[2017.11.09-23.41.59:189][101]LogModuleManager: Shutting down and abandoning module HTML5TargetPlatform (101)
[2017.11.09-23.41.59:189][101]LogModuleManager: Shutting down and abandoning module AndroidTargetPlatform (99)
[2017.11.09-23.41.59:189][101]LogModuleManager: Shutting down and abandoning module Android_PVRTCTargetPlatform (97)
[2017.11.09-23.41.59:189][101]LogModuleManager: Shutting down and abandoning module Android_MultiTargetPlatform (95)
[2017.11.09-23.41.59:189][101]LogModuleManager: Shutting down and abandoning module Android_ETC2TargetPlatform (93)
[2017.11.09-23.41.59:189][101]LogModuleManager: Shutting down and abandoning module Android_ETC1TargetPlatform (91)
[2017.11.09-23.41.59:189][101]LogModuleManager: Shutting down and abandoning module Android_DXTTargetPlatform (89)
[2017.11.09-23.41.59:189][101]LogModuleManager: Shutting down and abandoning module Android_ATCTargetPlatform (87)
[2017.11.09-23.41.59:189][101]LogModuleManager: Shutting down and abandoning module Android_ASTCTargetPlatform (85)
[2017.11.09-23.41.59:189][101]LogModuleManager: Shutting down and abandoning module WindowsTargetPlatform (83)
[2017.11.09-23.41.59:189][101]LogModuleManager: Shutting down and abandoning module WindowsServerTargetPlatform (81)
[2017.11.09-23.41.59:190][101]LogModuleManager: Shutting down and abandoning module WindowsNoEditorTargetPlatform (79)
[2017.11.09-23.41.59:190][101]LogModuleManager: Shutting down and abandoning module WindowsClientTargetPlatform (77)
[2017.11.09-23.41.59:190][101]LogModuleManager: Shutting down and abandoning module MacTargetPlatform (75)
[2017.11.09-23.41.59:190][101]LogModuleManager: Shutting down and abandoning module MacServerTargetPlatform (73)
[2017.11.09-23.41.59:190][101]LogModuleManager: Shutting down and abandoning module MacNoEditorTargetPlatform (71)
[2017.11.09-23.41.59:190][101]LogModuleManager: Shutting down and abandoning module MacClientTargetPlatform (69)
[2017.11.09-23.41.59:190][101]LogModuleManager: Shutting down and abandoning module AllDesktopTargetPlatform (67)
[2017.11.09-23.41.59:190][101]LogModuleManager: Shutting down and abandoning module InputCore (64)
[2017.11.09-23.41.59:190][101]LogModuleManager: Shutting down and abandoning module Settings (62)
[2017.11.09-23.41.59:190][101]LogModuleManager: Shutting down and abandoning module PhysXCooking (60)
[2017.11.09-23.41.59:190][101]LogModuleManager: Shutting down and abandoning module SteamVR (58)
[2017.11.09-23.41.59:190][101]LogModuleManager: Shutting down and abandoning module OculusHMD (56)
[2017.11.09-23.41.59:190][101]LogModuleManager: Shutting down and abandoning module ExampleDeviceProfileSelector (54)
[2017.11.09-23.41.59:190][101]LogModuleManager: Shutting down and abandoning module AppleARKit (52)
[2017.11.09-23.41.59:190][101]LogModuleManager: Shutting down and abandoning module AugmentedReality (51)
[2017.11.09-23.41.59:190][101]LogModuleManager: Shutting down and abandoning module OnlineBlueprintSupport (48)
[2017.11.09-23.41.59:190][101]LogModuleManager: Shutting down and abandoning module OnlineSubsystem (44)
[2017.11.09-23.41.59:192][101]LogModuleManager: Shutting down and abandoning module XMPP (43)
[2017.11.09-23.41.59:193][101]LogModuleManager: Shutting down and abandoning module HTTP (41)
[2017.11.09-23.41.59:194][101]LogHttp: Display: Http module shutting down, but needs to wait on 1 outstanding Http requests:
[2017.11.09-23.41.59:195][101]LogHttp: Display: 	verb=[POST] url=[https://datarouter.ol.epicgames.com/datarouter/api/v1/public/data?SessionID=%7B1238A92D-414C-BB32-7DFA-7884ADC82385%7D&AppID=UEEditor.Rocket.Release&AppVersion=4.18.0-3709383%2B%2B%2BUE4%2BRelease-4.18&UserID=a66e52274d2d221c5757afa7de20fd29%7C48f9c51ec2b24b708d82d69298cd331d%7C3b0e3d61-37e9-4459-8c7e-8c6c9a9ded29&AppEnvironment=datacollector-binary&UploadType=eteventstream] status=Processing
[2017.11.09-23.41.59:212][101]LogModuleManager: Shutting down and abandoning module SSL (40)
[2017.11.09-23.41.59:213][101]LogModuleManager: Shutting down and abandoning module AnimationModifiers (36)
[2017.11.09-23.41.59:214][101]LogModuleManager: Shutting down and abandoning module PropertyEditor (35)
[2017.11.09-23.41.59:215][101]LogModuleManager: Shutting down and abandoning module AudioEditor (32)
[2017.11.09-23.41.59:216][101]LogModuleManager: Shutting down and abandoning module TextureCompressor (30)
[2017.11.09-23.41.59:218][101]LogModuleManager: Shutting down and abandoning module ShaderCore (28)
[2017.11.09-23.41.59:218][101]LogModuleManager: Shutting down and abandoning module Landscape (26)
[2017.11.09-23.41.59:218][101]LogModuleManager: Shutting down and abandoning module SlateRHIRenderer (24)
[2017.11.09-23.41.59:221][101]LogModuleManager: Shutting down and abandoning module OpenGLDrv (22)
[2017.11.09-23.41.59:222][101]LogModuleManager: Shutting down and abandoning module D3D11RHI (20)
[2017.11.09-23.41.59:222][101]LogModuleManager: Shutting down and abandoning module AnimGraphRuntime (18)
[2017.11.09-23.41.59:223][101]LogModuleManager: Shutting down and abandoning module Renderer (16)
[2017.11.09-23.41.59:223][101]LogModuleManager: Shutting down and abandoning module Engine (14)
[2017.11.09-23.41.59:223][101]LogModuleManager: Shutting down and abandoning module CoreUObject (12)
[2017.11.09-23.41.59:223][101]LogModuleManager: Shutting down and abandoning module NetworkFile (10)
[2017.11.09-23.41.59:223][101]LogModuleManager: Shutting down and abandoning module CookedIterativeFile (8)
[2017.11.09-23.41.59:223][101]LogModuleManager: Shutting down and abandoning module StreamingFile (6)
[2017.11.09-23.41.59:223][101]LogModuleManager: Shutting down and abandoning module SandboxFile (4)
[2017.11.09-23.41.59:223][101]LogModuleManager: Shutting down and abandoning module PakFile (2)
[2017.11.09-23.41.59:232][101]LogExit: Exiting.
[2017.11.09-23.41.59:255][101]Log file closed, 11/09/17 16:41:59
